2022-04-29 17:57:36.774  INFO 19140 --- [restartedMain] com.cjq.CompanysystemApplication         : Starting CompanysystemApplication using Java 1.8.0_161 on DESKTOP-G8VD3JU with PID 19140 (D:\spring\companysystem\target\classes started by ligua in D:\spring\companysystem)
2022-04-29 17:57:36.778  INFO 19140 --- [restartedMain] com.cjq.CompanysystemApplication         : No active profile set, falling back to 1 default profile: "default"
2022-04-29 17:57:36.802  INFO 19140 --- [restartedMain] .e.DevToolsPropertyDefaultsPostProcessor : Devtools property defaults active! Set 'spring.devtools.add-properties' to 'false' to disable
2022-04-29 17:57:36.802  INFO 19140 --- [restartedMain] .e.DevToolsPropertyDefaultsPostProcessor : For additional web related logging consider setting the 'logging.level.web' property to 'DEBUG'
2022-04-29 17:57:37.406  INFO 19140 --- [restartedMain] o.s.b.w.embedded.tomcat.TomcatWebServer  : Tomcat initialized with port(s): 8080 (http)
2022-04-29 17:57:37.410  INFO 19140 --- [restartedMain] o.apache.catalina.core.StandardService   : Starting service [Tomcat]
2022-04-29 17:57:37.411  INFO 19140 --- [restartedMain] org.apache.catalina.core.StandardEngine  : Starting Servlet engine: [Apache Tomcat/9.0.60]
2022-04-29 17:57:37.521  INFO 19140 --- [restartedMain] o.a.c.c.C.[Tomcat].[localhost].[/]       : Initializing Spring embedded WebApplicationContext
2022-04-29 17:57:37.522  INFO 19140 --- [restartedMain] w.s.c.ServletWebServerApplicationContext : Root WebApplicationContext: initialization completed in 718 ms
2022-04-29 17:57:37.810 DEBUG 19140 --- [restartedMain] s.w.s.m.m.a.RequestMappingHandlerAdapter : ControllerAdvice beans: 0 @ModelAttribute, 0 @InitBinder, 1 RequestBodyAdvice, 1 ResponseBodyAdvice
2022-04-29 17:57:37.838 DEBUG 19140 --- [restartedMain] s.w.s.m.m.a.RequestMappingHandlerMapping : 12 mappings in 'requestMappingHandlerMapping'
2022-04-29 17:57:37.852 DEBUG 19140 --- [restartedMain] o.s.w.s.handler.SimpleUrlHandlerMapping  : Patterns [/webjars/**, /**] in 'resourceHandlerMapping'
2022-04-29 17:57:37.857 DEBUG 19140 --- [restartedMain] .m.m.a.ExceptionHandlerExceptionResolver : ControllerAdvice beans: 0 @ExceptionHandler, 1 ResponseBodyAdvice
2022-04-29 17:57:37.912  INFO 19140 --- [restartedMain] o.s.b.d.a.OptionalLiveReloadServer       : LiveReload server is running on port 35729
2022-04-29 17:57:37.940  INFO 19140 --- [restartedMain] o.s.b.w.embedded.tomcat.TomcatWebServer  : Tomcat started on port(s): 8080 (http) with context path ''
2022-04-29 17:57:37.947  INFO 19140 --- [restartedMain] com.cjq.CompanysystemApplication         : Started CompanysystemApplication in 1.379 seconds (JVM running for 1.998)
2022-04-29 17:57:46.043  INFO 19140 --- [http-nio-8080-exec-1] o.a.c.c.C.[Tomcat].[localhost].[/]       : Initializing Spring DispatcherServlet 'dispatcherServlet'
2022-04-29 17:57:46.043  INFO 19140 --- [http-nio-8080-exec-1] o.s.web.servlet.DispatcherServlet        : Initializing Servlet 'dispatcherServlet'
2022-04-29 17:57:46.044 DEBUG 19140 --- [http-nio-8080-exec-1] o.s.web.servlet.DispatcherServlet        : Detected StandardServletMultipartResolver
2022-04-29 17:57:46.044 DEBUG 19140 --- [http-nio-8080-exec-1] o.s.web.servlet.DispatcherServlet        : Detected AcceptHeaderLocaleResolver
2022-04-29 17:57:46.044 DEBUG 19140 --- [http-nio-8080-exec-1] o.s.web.servlet.DispatcherServlet        : Detected FixedThemeResolver
2022-04-29 17:57:46.045 DEBUG 19140 --- [http-nio-8080-exec-1] o.s.web.servlet.DispatcherServlet        : Detected org.springframework.web.servlet.view.DefaultRequestToViewNameTranslator@2cefccba
2022-04-29 17:57:46.046 DEBUG 19140 --- [http-nio-8080-exec-1] o.s.web.servlet.DispatcherServlet        : Detected org.springframework.web.servlet.support.SessionFlashMapManager@2ac0b2ff
2022-04-29 17:57:46.046 DEBUG 19140 --- [http-nio-8080-exec-1] o.s.web.servlet.DispatcherServlet        : enableLoggingRequestDetails='false': request parameters and headers will be masked to prevent unsafe logging of potentially sensitive data
2022-04-29 17:57:46.046  INFO 19140 --- [http-nio-8080-exec-1] o.s.web.servlet.DispatcherServlet        : Completed initialization in 2 ms
2022-04-29 17:57:46.055 DEBUG 19140 --- [http-nio-8080-exec-1] o.s.web.servlet.DispatcherServlet        : GET "/login", parameters={}
2022-04-29 17:57:46.060 DEBUG 19140 --- [http-nio-8080-exec-1] s.w.s.m.m.a.RequestMappingHandlerMapping : Mapped to com.cjq.controller.LoginUserController#login(UserForm, Model)
2022-04-29 17:57:46.081 DEBUG 19140 --- [http-nio-8080-exec-1] o.s.w.s.v.ContentNegotiatingViewResolver : Selected 'text/html' given [text/html, application/xhtml+xml, image/avif, image/webp, image/apng, application/xml;q=0.9, application/signed-exchange;v=b3;q=0.9, */*;q=0.8]
2022-04-29 17:57:46.252 DEBUG 19140 --- [http-nio-8080-exec-1] o.s.web.servlet.DispatcherServlet        : Completed 200 OK
2022-04-29 17:57:46.261 DEBUG 19140 --- [http-nio-8080-exec-4] o.s.web.servlet.DispatcherServlet        : GET "/image/logo1.jpg", parameters={}
2022-04-29 17:57:46.263 DEBUG 19140 --- [http-nio-8080-exec-4] o.s.w.s.handler.SimpleUrlHandlerMapping  : Mapped to ResourceHttpRequestHandler [classpath [META-INF/resources/], classpath [resources/], classpath [static/], classpath [public/], ServletContext [/]]
2022-04-29 17:57:46.272 DEBUG 19140 --- [http-nio-8080-exec-4] o.s.web.servlet.DispatcherServlet        : Completed 200 OK
2022-04-29 17:57:51.965 DEBUG 19140 --- [http-nio-8080-exec-2] o.s.web.servlet.DispatcherServlet        : GET "/image/logo1.jpg", parameters={}
2022-04-29 17:57:51.965 DEBUG 19140 --- [http-nio-8080-exec-3] o.s.web.servlet.DispatcherServlet        : GET "/image/background1.jpeg", parameters={}
2022-04-29 17:57:51.966 DEBUG 19140 --- [http-nio-8080-exec-2] o.s.w.s.handler.SimpleUrlHandlerMapping  : Mapped to ResourceHttpRequestHandler [classpath [META-INF/resources/], classpath [resources/], classpath [static/], classpath [public/], ServletContext [/]]
2022-04-29 17:57:51.966 DEBUG 19140 --- [http-nio-8080-exec-3] o.s.w.s.handler.SimpleUrlHandlerMapping  : Mapped to ResourceHttpRequestHandler [classpath [META-INF/resources/], classpath [resources/], classpath [static/], classpath [public/], ServletContext [/]]
2022-04-29 17:57:51.969 DEBUG 19140 --- [http-nio-8080-exec-2] o.s.web.servlet.DispatcherServlet        : Completed 200 OK
2022-04-29 17:57:51.969 DEBUG 19140 --- [http-nio-8080-exec-3] o.s.web.servlet.DispatcherServlet        : Completed 200 OK
2022-04-29 17:57:51.998 DEBUG 19140 --- [http-nio-8080-exec-5] o.s.web.servlet.DispatcherServlet        : GET "/favicon.ico", parameters={}
2022-04-29 17:57:51.999 DEBUG 19140 --- [http-nio-8080-exec-5] o.s.w.s.handler.SimpleUrlHandlerMapping  : Mapped to ResourceHttpRequestHandler [classpath [META-INF/resources/], classpath [resources/], classpath [static/], classpath [public/], ServletContext [/]]
2022-04-29 17:57:52.001 DEBUG 19140 --- [http-nio-8080-exec-5] o.s.w.s.r.ResourceHttpRequestHandler     : Resource not found
2022-04-29 17:57:52.001 DEBUG 19140 --- [http-nio-8080-exec-5] o.s.web.servlet.DispatcherServlet        : Completed 404 NOT_FOUND
2022-04-29 17:57:52.003 DEBUG 19140 --- [http-nio-8080-exec-5] o.s.web.servlet.DispatcherServlet        : "ERROR" dispatch for GET "/error", parameters={}
2022-04-29 17:57:52.004 DEBUG 19140 --- [http-nio-8080-exec-5] s.w.s.m.m.a.RequestMappingHandlerMapping : Mapped to org.springframework.boot.autoconfigure.web.servlet.error.BasicErrorController#error(HttpServletRequest)
2022-04-29 17:57:52.018 DEBUG 19140 --- [http-nio-8080-exec-5] o.s.w.s.m.m.a.HttpEntityMethodProcessor  : Using 'application/json;q=0.8', given [image/avif, image/webp, image/apng, image/svg+xml, image/*, */*;q=0.8] and supported [application/json, application/*+json, application/json, application/*+json]
2022-04-29 17:57:52.019 DEBUG 19140 --- [http-nio-8080-exec-5] o.s.w.s.m.m.a.HttpEntityMethodProcessor  : Writing [{timestamp=Fri Apr 29 17:57:52 JST 2022, status=404, error=Not Found, message=No message available,  (truncated)...]
2022-04-29 17:57:52.058 DEBUG 19140 --- [http-nio-8080-exec-5] o.s.web.servlet.DispatcherServlet        : Exiting from "ERROR" dispatch, status 404
2022-04-29 17:58:57.631 DEBUG 19140 --- [http-nio-8080-exec-10] o.s.web.servlet.DispatcherServlet        : GET "/login", parameters={}
2022-04-29 17:58:57.631 DEBUG 19140 --- [http-nio-8080-exec-10] s.w.s.m.m.a.RequestMappingHandlerMapping : Mapped to com.cjq.controller.LoginUserController#login(UserForm, Model)
2022-04-29 17:58:57.633 DEBUG 19140 --- [http-nio-8080-exec-10] o.s.w.s.v.ContentNegotiatingViewResolver : Selected 'text/html' given [text/html, application/xhtml+xml, image/avif, image/webp, image/apng, application/xml;q=0.9, application/signed-exchange;v=b3;q=0.9, */*;q=0.8]
2022-04-29 17:58:57.637 DEBUG 19140 --- [http-nio-8080-exec-10] o.s.web.servlet.DispatcherServlet        : Completed 200 OK
2022-04-29 17:58:57.649 DEBUG 19140 --- [http-nio-8080-exec-9] o.s.web.servlet.DispatcherServlet        : GET "/image/logo1.jpg", parameters={}
2022-04-29 17:58:57.649 DEBUG 19140 --- [http-nio-8080-exec-8] o.s.web.servlet.DispatcherServlet        : GET "/image/background1.jpeg", parameters={}
2022-04-29 17:58:57.649 DEBUG 19140 --- [http-nio-8080-exec-9] o.s.w.s.handler.SimpleUrlHandlerMapping  : Mapped to ResourceHttpRequestHandler [classpath [META-INF/resources/], classpath [resources/], classpath [static/], classpath [public/], ServletContext [/]]
2022-04-29 17:58:57.649 DEBUG 19140 --- [http-nio-8080-exec-8] o.s.w.s.handler.SimpleUrlHandlerMapping  : Mapped to ResourceHttpRequestHandler [classpath [META-INF/resources/], classpath [resources/], classpath [static/], classpath [public/], ServletContext [/]]
2022-04-29 17:58:57.651 DEBUG 19140 --- [http-nio-8080-exec-8] o.s.web.servlet.DispatcherServlet        : Completed 200 OK
2022-04-29 17:58:57.652 DEBUG 19140 --- [http-nio-8080-exec-9] o.s.web.servlet.DispatcherServlet        : Completed 200 OK
2022-04-29 17:59:19.677 DEBUG 19140 --- [http-nio-8080-exec-1] o.s.web.servlet.DispatcherServlet        : GET "/login", parameters={}
2022-04-29 17:59:19.678 DEBUG 19140 --- [http-nio-8080-exec-1] s.w.s.m.m.a.RequestMappingHandlerMapping : Mapped to com.cjq.controller.LoginUserController#login(UserForm, Model)
2022-04-29 17:59:19.679 DEBUG 19140 --- [http-nio-8080-exec-1] o.s.w.s.v.ContentNegotiatingViewResolver : Selected 'text/html' given [text/html, application/xhtml+xml, image/avif, image/webp, image/apng, application/xml;q=0.9, application/signed-exchange;v=b3;q=0.9, */*;q=0.8]
2022-04-29 17:59:19.682 DEBUG 19140 --- [http-nio-8080-exec-1] o.s.web.servlet.DispatcherServlet        : Completed 200 OK
2022-04-29 17:59:19.689 DEBUG 19140 --- [http-nio-8080-exec-4] o.s.web.servlet.DispatcherServlet        : GET "/image/logo1.jpg", parameters={}
2022-04-29 17:59:19.691 DEBUG 19140 --- [http-nio-8080-exec-4] o.s.w.s.handler.SimpleUrlHandlerMapping  : Mapped to ResourceHttpRequestHandler [classpath [META-INF/resources/], classpath [resources/], classpath [static/], classpath [public/], ServletContext [/]]
2022-04-29 17:59:19.694 DEBUG 19140 --- [http-nio-8080-exec-3] o.s.web.servlet.DispatcherServlet        : GET "/image/background1.jpeg", parameters={}
2022-04-29 17:59:19.694 DEBUG 19140 --- [http-nio-8080-exec-3] o.s.w.s.handler.SimpleUrlHandlerMapping  : Mapped to ResourceHttpRequestHandler [classpath [META-INF/resources/], classpath [resources/], classpath [static/], classpath [public/], ServletContext [/]]
2022-04-29 17:59:19.695 DEBUG 19140 --- [http-nio-8080-exec-4] o.s.web.servlet.DispatcherServlet        : Completed 200 OK
2022-04-29 17:59:19.696 DEBUG 19140 --- [http-nio-8080-exec-3] o.s.web.servlet.DispatcherServlet        : Completed 200 OK
2022-04-29 17:59:29.723 DEBUG 19140 --- [http-nio-8080-exec-2] o.s.web.servlet.DispatcherServlet        : GET "/login", parameters={}
2022-04-29 17:59:29.723 DEBUG 19140 --- [http-nio-8080-exec-2] s.w.s.m.m.a.RequestMappingHandlerMapping : Mapped to com.cjq.controller.LoginUserController#login(UserForm, Model)
2022-04-29 17:59:29.725 DEBUG 19140 --- [http-nio-8080-exec-2] o.s.w.s.v.ContentNegotiatingViewResolver : Selected 'text/html' given [text/html, application/xhtml+xml, image/avif, image/webp, image/apng, application/xml;q=0.9, application/signed-exchange;v=b3;q=0.9, */*;q=0.8]
2022-04-29 17:59:29.729 DEBUG 19140 --- [http-nio-8080-exec-2] o.s.web.servlet.DispatcherServlet        : Completed 200 OK
2022-04-29 17:59:29.737 DEBUG 19140 --- [http-nio-8080-exec-5] o.s.web.servlet.DispatcherServlet        : GET "/image/logo1.jpg", parameters={}
2022-04-29 17:59:29.738 DEBUG 19140 --- [http-nio-8080-exec-5] o.s.w.s.handler.SimpleUrlHandlerMapping  : Mapped to ResourceHttpRequestHandler [classpath [META-INF/resources/], classpath [resources/], classpath [static/], classpath [public/], ServletContext [/]]
2022-04-29 17:59:29.739 DEBUG 19140 --- [http-nio-8080-exec-6] o.s.web.servlet.DispatcherServlet        : GET "/image/background1.jpeg", parameters={}
2022-04-29 17:59:29.739 DEBUG 19140 --- [http-nio-8080-exec-6] o.s.w.s.handler.SimpleUrlHandlerMapping  : Mapped to ResourceHttpRequestHandler [classpath [META-INF/resources/], classpath [resources/], classpath [static/], classpath [public/], ServletContext [/]]
2022-04-29 17:59:29.739 DEBUG 19140 --- [http-nio-8080-exec-5] o.s.web.servlet.DispatcherServlet        : Completed 200 OK
2022-04-29 17:59:29.740 DEBUG 19140 --- [http-nio-8080-exec-6] o.s.web.servlet.DispatcherServlet        : Completed 200 OK
2022-04-29 17:59:30.414 DEBUG 19140 --- [http-nio-8080-exec-7] o.s.web.servlet.DispatcherServlet        : GET "/login", parameters={}
2022-04-29 17:59:30.415 DEBUG 19140 --- [http-nio-8080-exec-7] s.w.s.m.m.a.RequestMappingHandlerMapping : Mapped to com.cjq.controller.LoginUserController#login(UserForm, Model)
2022-04-29 17:59:30.416 DEBUG 19140 --- [http-nio-8080-exec-7] o.s.w.s.v.ContentNegotiatingViewResolver : Selected 'text/html' given [text/html, application/xhtml+xml, image/avif, image/webp, image/apng, application/xml;q=0.9, application/signed-exchange;v=b3;q=0.9, */*;q=0.8]
2022-04-29 17:59:30.421 DEBUG 19140 --- [http-nio-8080-exec-7] o.s.web.servlet.DispatcherServlet        : Completed 200 OK
2022-04-29 17:59:30.433 DEBUG 19140 --- [http-nio-8080-exec-8] o.s.web.servlet.DispatcherServlet        : GET "/image/background1.jpeg", parameters={}
2022-04-29 17:59:30.433 DEBUG 19140 --- [http-nio-8080-exec-10] o.s.web.servlet.DispatcherServlet        : GET "/image/logo1.jpg", parameters={}
2022-04-29 17:59:30.434 DEBUG 19140 --- [http-nio-8080-exec-8] o.s.w.s.handler.SimpleUrlHandlerMapping  : Mapped to ResourceHttpRequestHandler [classpath [META-INF/resources/], classpath [resources/], classpath [static/], classpath [public/], ServletContext [/]]
2022-04-29 17:59:30.434 DEBUG 19140 --- [http-nio-8080-exec-10] o.s.w.s.handler.SimpleUrlHandlerMapping  : Mapped to ResourceHttpRequestHandler [classpath [META-INF/resources/], classpath [resources/], classpath [static/], classpath [public/], ServletContext [/]]
2022-04-29 17:59:30.435 DEBUG 19140 --- [http-nio-8080-exec-8] o.s.web.servlet.DispatcherServlet        : Completed 200 OK
2022-04-29 17:59:30.437 DEBUG 19140 --- [http-nio-8080-exec-10] o.s.web.servlet.DispatcherServlet        : Completed 200 OK
2022-04-29 18:00:48.309 DEBUG 19140 --- [http-nio-8080-exec-4] o.s.web.servlet.DispatcherServlet        : GET "/login", parameters={}
2022-04-29 18:00:48.310 DEBUG 19140 --- [http-nio-8080-exec-4] s.w.s.m.m.a.RequestMappingHandlerMapping : Mapped to com.cjq.controller.LoginUserController#login(UserForm, Model)
2022-04-29 18:00:48.311 DEBUG 19140 --- [http-nio-8080-exec-4] o.s.w.s.v.ContentNegotiatingViewResolver : Selected 'text/html' given [text/html, application/xhtml+xml, image/avif, image/webp, image/apng, application/xml;q=0.9, application/signed-exchange;v=b3;q=0.9, */*;q=0.8]
2022-04-29 18:00:48.314 DEBUG 19140 --- [http-nio-8080-exec-4] o.s.web.servlet.DispatcherServlet        : Completed 200 OK
2022-04-29 18:00:48.322 DEBUG 19140 --- [http-nio-8080-exec-3] o.s.web.servlet.DispatcherServlet        : GET "/image/logo1.jpg", parameters={}
2022-04-29 18:00:48.323 DEBUG 19140 --- [http-nio-8080-exec-3] o.s.w.s.handler.SimpleUrlHandlerMapping  : Mapped to ResourceHttpRequestHandler [classpath [META-INF/resources/], classpath [resources/], classpath [static/], classpath [public/], ServletContext [/]]
2022-04-29 18:00:48.323 DEBUG 19140 --- [http-nio-8080-exec-2] o.s.web.servlet.DispatcherServlet        : GET "/image/background1.jpeg", parameters={}
2022-04-29 18:00:48.324 DEBUG 19140 --- [http-nio-8080-exec-2] o.s.w.s.handler.SimpleUrlHandlerMapping  : Mapped to ResourceHttpRequestHandler [classpath [META-INF/resources/], classpath [resources/], classpath [static/], classpath [public/], ServletContext [/]]
2022-04-29 18:00:48.326 DEBUG 19140 --- [http-nio-8080-exec-2] o.s.web.servlet.DispatcherServlet        : Completed 200 OK
2022-04-29 18:00:48.327 DEBUG 19140 --- [http-nio-8080-exec-3] o.s.web.servlet.DispatcherServlet        : Completed 200 OK
2022-04-29 18:01:19.656 DEBUG 19140 --- [http-nio-8080-exec-5] o.s.web.servlet.DispatcherServlet        : POST "/auth", parameters={masked}
2022-04-29 18:01:19.657 DEBUG 19140 --- [http-nio-8080-exec-5] s.w.s.m.m.a.RequestMappingHandlerMapping : Mapped to com.cjq.controller.LoginUserController#auth(UserForm, BindingResult, Model, Locale)
2022-04-29 18:01:19.726 DEBUG 19140 --- [http-nio-8080-exec-5] o.s.w.s.v.ContentNegotiatingViewResolver : Selected 'text/html' given [text/html, application/xhtml+xml, image/avif, image/webp, image/apng, application/xml;q=0.9, application/signed-exchange;v=b3;q=0.9, */*;q=0.8]
2022-04-29 18:01:19.737 DEBUG 19140 --- [http-nio-8080-exec-5] o.s.web.servlet.DispatcherServlet        : Completed 200 OK
2022-04-29 18:01:19.748 DEBUG 19140 --- [http-nio-8080-exec-6] o.s.web.servlet.DispatcherServlet        : GET "/image/logo1.jpg", parameters={}
2022-04-29 18:01:19.748 DEBUG 19140 --- [http-nio-8080-exec-7] o.s.web.servlet.DispatcherServlet        : GET "/image/background1.jpeg", parameters={}
2022-04-29 18:01:19.748 DEBUG 19140 --- [http-nio-8080-exec-7] o.s.w.s.handler.SimpleUrlHandlerMapping  : Mapped to ResourceHttpRequestHandler [classpath [META-INF/resources/], classpath [resources/], classpath [static/], classpath [public/], ServletContext [/]]
2022-04-29 18:01:19.748 DEBUG 19140 --- [http-nio-8080-exec-6] o.s.w.s.handler.SimpleUrlHandlerMapping  : Mapped to ResourceHttpRequestHandler [classpath [META-INF/resources/], classpath [resources/], classpath [static/], classpath [public/], ServletContext [/]]
2022-04-29 18:01:19.750 DEBUG 19140 --- [http-nio-8080-exec-7] o.s.web.servlet.DispatcherServlet        : Completed 200 OK
2022-04-29 18:01:19.751 DEBUG 19140 --- [http-nio-8080-exec-6] o.s.web.servlet.DispatcherServlet        : Completed 200 OK
2022-04-29 18:01:28.293 DEBUG 19140 --- [http-nio-8080-exec-8] o.s.web.servlet.DispatcherServlet        : POST "/auth", parameters={masked}
2022-04-29 18:01:28.293 DEBUG 19140 --- [http-nio-8080-exec-8] s.w.s.m.m.a.RequestMappingHandlerMapping : Mapped to com.cjq.controller.LoginUserController#auth(UserForm, BindingResult, Model, Locale)
2022-04-29 18:01:28.315  INFO 19140 --- [http-nio-8080-exec-8] com.zaxxer.hikari.HikariDataSource       : HikariPool-1 - Starting...
2022-04-29 18:01:28.451  INFO 19140 --- [http-nio-8080-exec-8] com.zaxxer.hikari.HikariDataSource       : HikariPool-1 - Start completed.
2022-04-29 18:01:28.480 DEBUG 19140 --- [http-nio-8080-exec-8] o.s.web.servlet.DispatcherServlet        : Failed to complete request: org.springframework.context.NoSuchMessageException: No message found under code 'login.message.accountId.error' for locale 'ja'.
2022-04-29 18:01:28.484 ERROR 19140 --- [http-nio-8080-exec-8] o.a.c.c.C.[.[.[/].[dispatcherServlet]    : Servlet.service() for servlet [dispatcherServlet] in context with path [] threw exception [Request processing failed; nested exception is org.springframework.context.NoSuchMessageException: No message found under code 'login.message.accountId.error' for locale 'ja'.] with root cause

org.springframework.context.NoSuchMessageException: No message found under code 'login.message.accountId.error' for locale 'ja'.
	at org.springframework.context.support.AbstractMessageSource.getMessage(AbstractMessageSource.java:161) ~[spring-context-5.3.18.jar:5.3.18]
	at com.cjq.service.UserServiceImp.getResult(UserServiceImp.java:42) ~[classes/:na]
	at com.cjq.controller.LoginUserController.auth(LoginUserController.java:64) ~[classes/:na]
	at sun.reflect.NativeMethodAccessorImpl.invoke0(Native Method) ~[na:1.8.0_161]
	at sun.reflect.NativeMethodAccessorImpl.invoke(NativeMethodAccessorImpl.java:62) ~[na:1.8.0_161]
	at sun.reflect.DelegatingMethodAccessorImpl.invoke(DelegatingMethodAccessorImpl.java:43) ~[na:1.8.0_161]
	at java.lang.reflect.Method.invoke(Method.java:498) ~[na:1.8.0_161]
	at org.springframework.web.method.support.InvocableHandlerMethod.doInvoke(InvocableHandlerMethod.java:205) ~[spring-web-5.3.18.jar:5.3.18]
	at org.springframework.web.method.support.InvocableHandlerMethod.invokeForRequest(InvocableHandlerMethod.java:150) ~[spring-web-5.3.18.jar:5.3.18]
	at org.springframework.web.servlet.mvc.method.annotation.ServletInvocableHandlerMethod.invokeAndHandle(ServletInvocableHandlerMethod.java:117) ~[spring-webmvc-5.3.18.jar:5.3.18]
	at org.springframework.web.servlet.mvc.method.annotation.RequestMappingHandlerAdapter.invokeHandlerMethod(RequestMappingHandlerAdapter.java:895) ~[spring-webmvc-5.3.18.jar:5.3.18]
	at org.springframework.web.servlet.mvc.method.annotation.RequestMappingHandlerAdapter.handleInternal(RequestMappingHandlerAdapter.java:808) ~[spring-webmvc-5.3.18.jar:5.3.18]
	at org.springframework.web.servlet.mvc.method.AbstractHandlerMethodAdapter.handle(AbstractHandlerMethodAdapter.java:87) ~[spring-webmvc-5.3.18.jar:5.3.18]
	at org.springframework.web.servlet.DispatcherServlet.doDispatch(DispatcherServlet.java:1067) ~[spring-webmvc-5.3.18.jar:5.3.18]
	at org.springframework.web.servlet.DispatcherServlet.doService(DispatcherServlet.java:963) ~[spring-webmvc-5.3.18.jar:5.3.18]
	at org.springframework.web.servlet.FrameworkServlet.processRequest(FrameworkServlet.java:1006) ~[spring-webmvc-5.3.18.jar:5.3.18]
	at org.springframework.web.servlet.FrameworkServlet.doPost(FrameworkServlet.java:909) ~[spring-webmvc-5.3.18.jar:5.3.18]
	at javax.servlet.http.HttpServlet.service(HttpServlet.java:681) ~[tomcat-embed-core-9.0.60.jar:4.0.FR]
	at org.springframework.web.servlet.FrameworkServlet.service(FrameworkServlet.java:883) ~[spring-webmvc-5.3.18.jar:5.3.18]
	at javax.servlet.http.HttpServlet.service(HttpServlet.java:764) ~[tomcat-embed-core-9.0.60.jar:4.0.FR]
	at org.apache.catalina.core.ApplicationFilterChain.internalDoFilter(ApplicationFilterChain.java:227) ~[tomcat-embed-core-9.0.60.jar:9.0.60]
	at org.apache.catalina.core.ApplicationFilterChain.doFilter(ApplicationFilterChain.java:162) ~[tomcat-embed-core-9.0.60.jar:9.0.60]
	at org.apache.tomcat.websocket.server.WsFilter.doFilter(WsFilter.java:53) ~[tomcat-embed-websocket-9.0.60.jar:9.0.60]
	at org.apache.catalina.core.ApplicationFilterChain.internalDoFilter(ApplicationFilterChain.java:189) ~[tomcat-embed-core-9.0.60.jar:9.0.60]
	at org.apache.catalina.core.ApplicationFilterChain.doFilter(ApplicationFilterChain.java:162) ~[tomcat-embed-core-9.0.60.jar:9.0.60]
	at org.springframework.web.filter.RequestContextFilter.doFilterInternal(RequestContextFilter.java:100) ~[spring-web-5.3.18.jar:5.3.18]
	at org.springframework.web.filter.OncePerRequestFilter.doFilter(OncePerRequestFilter.java:117) ~[spring-web-5.3.18.jar:5.3.18]
	at org.apache.catalina.core.ApplicationFilterChain.internalDoFilter(ApplicationFilterChain.java:189) ~[tomcat-embed-core-9.0.60.jar:9.0.60]
	at org.apache.catalina.core.ApplicationFilterChain.doFilter(ApplicationFilterChain.java:162) ~[tomcat-embed-core-9.0.60.jar:9.0.60]
	at org.springframework.web.filter.FormContentFilter.doFilterInternal(FormContentFilter.java:93) ~[spring-web-5.3.18.jar:5.3.18]
	at org.springframework.web.filter.OncePerRequestFilter.doFilter(OncePerRequestFilter.java:117) ~[spring-web-5.3.18.jar:5.3.18]
	at org.apache.catalina.core.ApplicationFilterChain.internalDoFilter(ApplicationFilterChain.java:189) ~[tomcat-embed-core-9.0.60.jar:9.0.60]
	at org.apache.catalina.core.ApplicationFilterChain.doFilter(ApplicationFilterChain.java:162) ~[tomcat-embed-core-9.0.60.jar:9.0.60]
	at org.springframework.web.filter.CharacterEncodingFilter.doFilterInternal(CharacterEncodingFilter.java:201) ~[spring-web-5.3.18.jar:5.3.18]
	at org.springframework.web.filter.OncePerRequestFilter.doFilter(OncePerRequestFilter.java:117) ~[spring-web-5.3.18.jar:5.3.18]
	at org.apache.catalina.core.ApplicationFilterChain.internalDoFilter(ApplicationFilterChain.java:189) ~[tomcat-embed-core-9.0.60.jar:9.0.60]
	at org.apache.catalina.core.ApplicationFilterChain.doFilter(ApplicationFilterChain.java:162) ~[tomcat-embed-core-9.0.60.jar:9.0.60]
	at org.apache.catalina.core.StandardWrapperValve.invoke(StandardWrapperValve.java:197) ~[tomcat-embed-core-9.0.60.jar:9.0.60]
	at org.apache.catalina.core.StandardContextValve.invoke(StandardContextValve.java:97) [tomcat-embed-core-9.0.60.jar:9.0.60]
	at org.apache.catalina.authenticator.AuthenticatorBase.invoke(AuthenticatorBase.java:541) [tomcat-embed-core-9.0.60.jar:9.0.60]
	at org.apache.catalina.core.StandardHostValve.invoke(StandardHostValve.java:135) [tomcat-embed-core-9.0.60.jar:9.0.60]
	at org.apache.catalina.valves.ErrorReportValve.invoke(ErrorReportValve.java:92) [tomcat-embed-core-9.0.60.jar:9.0.60]
	at org.apache.catalina.core.StandardEngineValve.invoke(StandardEngineValve.java:78) [tomcat-embed-core-9.0.60.jar:9.0.60]
	at org.apache.catalina.connector.CoyoteAdapter.service(CoyoteAdapter.java:360) [tomcat-embed-core-9.0.60.jar:9.0.60]
	at org.apache.coyote.http11.Http11Processor.service(Http11Processor.java:399) [tomcat-embed-core-9.0.60.jar:9.0.60]
	at org.apache.coyote.AbstractProcessorLight.process(AbstractProcessorLight.java:65) [tomcat-embed-core-9.0.60.jar:9.0.60]
	at org.apache.coyote.AbstractProtocol$ConnectionHandler.process(AbstractProtocol.java:889) [tomcat-embed-core-9.0.60.jar:9.0.60]
	at org.apache.tomcat.util.net.NioEndpoint$SocketProcessor.doRun(NioEndpoint.java:1743) [tomcat-embed-core-9.0.60.jar:9.0.60]
	at org.apache.tomcat.util.net.SocketProcessorBase.run(SocketProcessorBase.java:49) [tomcat-embed-core-9.0.60.jar:9.0.60]
	at org.apache.tomcat.util.threads.ThreadPoolExecutor.runWorker(ThreadPoolExecutor.java:1191) [tomcat-embed-core-9.0.60.jar:9.0.60]
	at org.apache.tomcat.util.threads.ThreadPoolExecutor$Worker.run(ThreadPoolExecutor.java:659) [tomcat-embed-core-9.0.60.jar:9.0.60]
	at org.apache.tomcat.util.threads.TaskThread$WrappingRunnable.run(TaskThread.java:61) [tomcat-embed-core-9.0.60.jar:9.0.60]
	at java.lang.Thread.run(Thread.java:748) [na:1.8.0_161]

2022-04-29 18:01:28.484 DEBUG 19140 --- [http-nio-8080-exec-8] o.s.web.servlet.DispatcherServlet        : "ERROR" dispatch for POST "/error", parameters={masked}
2022-04-29 18:01:28.485 DEBUG 19140 --- [http-nio-8080-exec-8] s.w.s.m.m.a.RequestMappingHandlerMapping : Mapped to org.springframework.boot.autoconfigure.web.servlet.error.BasicErrorController#errorHtml(HttpServletRequest, HttpServletResponse)
2022-04-29 18:01:28.492 DEBUG 19140 --- [http-nio-8080-exec-8] o.s.w.s.v.ContentNegotiatingViewResolver : Selected 'text/html' given [text/html, text/html;q=0.8]
2022-04-29 18:01:28.493 DEBUG 19140 --- [http-nio-8080-exec-8] o.s.web.servlet.DispatcherServlet        : Exiting from "ERROR" dispatch, status 500
2022-04-29 18:01:30.929 DEBUG 19140 --- [http-nio-8080-exec-10] o.s.web.servlet.DispatcherServlet        : GET "/image/logo1.jpg", parameters={}
2022-04-29 18:01:30.929 DEBUG 19140 --- [http-nio-8080-exec-10] o.s.w.s.handler.SimpleUrlHandlerMapping  : Mapped to ResourceHttpRequestHandler [classpath [META-INF/resources/], classpath [resources/], classpath [static/], classpath [public/], ServletContext [/]]
2022-04-29 18:01:30.931 DEBUG 19140 --- [http-nio-8080-exec-10] o.s.web.servlet.DispatcherServlet        : Completed 200 OK
2022-04-29 18:01:48.286 DEBUG 19140 --- [http-nio-8080-exec-9] o.s.web.servlet.DispatcherServlet        : POST "/auth", parameters={masked}
2022-04-29 18:01:48.286 DEBUG 19140 --- [http-nio-8080-exec-9] s.w.s.m.m.a.RequestMappingHandlerMapping : Mapped to com.cjq.controller.LoginUserController#auth(UserForm, BindingResult, Model, Locale)
2022-04-29 18:01:48.300 DEBUG 19140 --- [http-nio-8080-exec-9] o.s.web.servlet.view.RedirectView        : View name 'redirect:', model {}
2022-04-29 18:01:48.301 DEBUG 19140 --- [http-nio-8080-exec-9] o.s.web.servlet.DispatcherServlet        : Completed 302 FOUND
2022-04-29 18:01:48.305 DEBUG 19140 --- [http-nio-8080-exec-1] o.s.web.servlet.DispatcherServlet        : GET "/emplist", parameters={}
2022-04-29 18:01:48.305 DEBUG 19140 --- [http-nio-8080-exec-1] s.w.s.m.m.a.RequestMappingHandlerMapping : Mapped to com.cjq.controller.EmpdataFindAllController#findAll(Model)
2022-04-29 18:01:48.315 DEBUG 19140 --- [http-nio-8080-exec-1] o.s.w.s.v.ContentNegotiatingViewResolver : Selected 'text/html' given [text/html, application/xhtml+xml, image/avif, image/webp, image/apng, application/xml;q=0.9, application/signed-exchange;v=b3;q=0.9, */*;q=0.8]
2022-04-29 18:01:48.334 DEBUG 19140 --- [http-nio-8080-exec-1] o.s.web.servlet.DispatcherServlet        : Completed 200 OK
2022-04-29 18:01:48.338 DEBUG 19140 --- [http-nio-8080-exec-4] o.s.web.servlet.DispatcherServlet        : GET "/image/logo1.jpg", parameters={}
2022-04-29 18:01:48.339 DEBUG 19140 --- [http-nio-8080-exec-4] o.s.w.s.handler.SimpleUrlHandlerMapping  : Mapped to ResourceHttpRequestHandler [classpath [META-INF/resources/], classpath [resources/], classpath [static/], classpath [public/], ServletContext [/]]
2022-04-29 18:01:48.339 DEBUG 19140 --- [http-nio-8080-exec-3] o.s.web.servlet.DispatcherServlet        : GET "/image/background1.jpeg", parameters={}
2022-04-29 18:01:48.339 DEBUG 19140 --- [http-nio-8080-exec-3] o.s.w.s.handler.SimpleUrlHandlerMapping  : Mapped to ResourceHttpRequestHandler [classpath [META-INF/resources/], classpath [resources/], classpath [static/], classpath [public/], ServletContext [/]]
2022-04-29 18:01:48.340 DEBUG 19140 --- [http-nio-8080-exec-3] o.s.web.servlet.DispatcherServlet        : Completed 200 OK
2022-04-29 18:01:48.341 DEBUG 19140 --- [http-nio-8080-exec-4] o.s.web.servlet.DispatcherServlet        : Completed 200 OK
2022-04-29 18:01:58.837 DEBUG 19140 --- [http-nio-8080-exec-2] o.s.web.servlet.DispatcherServlet        : GET "/AddEmp", parameters={}
2022-04-29 18:01:58.837 DEBUG 19140 --- [http-nio-8080-exec-2] s.w.s.m.m.a.RequestMappingHandlerMapping : Mapped to com.cjq.controller.EmpdataInsertController#toAddEmp(Empdata, Model)
2022-04-29 18:01:58.850 DEBUG 19140 --- [http-nio-8080-exec-2] o.s.w.s.v.ContentNegotiatingViewResolver : Selected 'text/html' given [text/html, application/xhtml+xml, image/avif, image/webp, image/apng, application/xml;q=0.9, application/signed-exchange;v=b3;q=0.9, */*;q=0.8]
2022-04-29 18:01:58.864 DEBUG 19140 --- [http-nio-8080-exec-2] o.s.web.servlet.DispatcherServlet        : Completed 200 OK
2022-04-29 18:01:58.879 DEBUG 19140 --- [http-nio-8080-exec-5] o.s.web.servlet.DispatcherServlet        : GET "/image/logo1.jpg", parameters={}
2022-04-29 18:01:58.879 DEBUG 19140 --- [http-nio-8080-exec-7] o.s.web.servlet.DispatcherServlet        : GET "/image/background1.jpeg", parameters={}
2022-04-29 18:01:58.879 DEBUG 19140 --- [http-nio-8080-exec-5] o.s.w.s.handler.SimpleUrlHandlerMapping  : Mapped to ResourceHttpRequestHandler [classpath [META-INF/resources/], classpath [resources/], classpath [static/], classpath [public/], ServletContext [/]]
2022-04-29 18:01:58.879 DEBUG 19140 --- [http-nio-8080-exec-7] o.s.w.s.handler.SimpleUrlHandlerMapping  : Mapped to ResourceHttpRequestHandler [classpath [META-INF/resources/], classpath [resources/], classpath [static/], classpath [public/], ServletContext [/]]
2022-04-29 18:01:58.881 DEBUG 19140 --- [http-nio-8080-exec-7] o.s.web.servlet.DispatcherServlet        : Completed 200 OK
2022-04-29 18:01:58.881 DEBUG 19140 --- [http-nio-8080-exec-5] o.s.web.servlet.DispatcherServlet        : Completed 200 OK
2022-04-29 18:02:13.869 DEBUG 19140 --- [http-nio-8080-exec-6] o.s.web.servlet.DispatcherServlet        : POST "/AddEmp", parameters={masked}
2022-04-29 18:02:13.870 DEBUG 19140 --- [http-nio-8080-exec-6] s.w.s.m.m.a.RequestMappingHandlerMapping : Mapped to com.cjq.controller.EmpdataInsertController#addEmp(EmpForm, BindingResult, Model, Locale)
2022-04-29 18:02:13.886 DEBUG 19140 --- [http-nio-8080-exec-6] o.s.w.s.v.ContentNegotiatingViewResolver : Selected 'text/html' given [text/html, application/xhtml+xml, image/avif, image/webp, image/apng, application/xml;q=0.9, application/signed-exchange;v=b3;q=0.9, */*;q=0.8]
2022-04-29 18:02:13.892 DEBUG 19140 --- [http-nio-8080-exec-6] o.s.web.servlet.DispatcherServlet        : Completed 200 OK
2022-04-29 18:02:13.899 DEBUG 19140 --- [http-nio-8080-exec-10] o.s.web.servlet.DispatcherServlet        : GET "/image/background1.jpeg", parameters={}
2022-04-29 18:02:13.899 DEBUG 19140 --- [http-nio-8080-exec-8] o.s.web.servlet.DispatcherServlet        : GET "/image/logo1.jpg", parameters={}
2022-04-29 18:02:13.899 DEBUG 19140 --- [http-nio-8080-exec-10] o.s.w.s.handler.SimpleUrlHandlerMapping  : Mapped to ResourceHttpRequestHandler [classpath [META-INF/resources/], classpath [resources/], classpath [static/], classpath [public/], ServletContext [/]]
2022-04-29 18:02:13.899 DEBUG 19140 --- [http-nio-8080-exec-8] o.s.w.s.handler.SimpleUrlHandlerMapping  : Mapped to ResourceHttpRequestHandler [classpath [META-INF/resources/], classpath [resources/], classpath [static/], classpath [public/], ServletContext [/]]
2022-04-29 18:02:13.900 DEBUG 19140 --- [http-nio-8080-exec-10] o.s.web.servlet.DispatcherServlet        : Completed 200 OK
2022-04-29 18:02:13.901 DEBUG 19140 --- [http-nio-8080-exec-8] o.s.web.servlet.DispatcherServlet        : Completed 200 OK
2022-04-29 18:02:25.294 DEBUG 19140 --- [http-nio-8080-exec-9] o.s.web.servlet.DispatcherServlet        : POST "/AddEmp", parameters={masked}
2022-04-29 18:02:25.294 DEBUG 19140 --- [http-nio-8080-exec-9] s.w.s.m.m.a.RequestMappingHandlerMapping : Mapped to com.cjq.controller.EmpdataInsertController#addEmp(EmpForm, BindingResult, Model, Locale)
2022-04-29 18:02:25.303 DEBUG 19140 --- [http-nio-8080-exec-9] o.s.web.servlet.view.RedirectView        : View name 'redirect:', model {}
2022-04-29 18:02:25.304 DEBUG 19140 --- [http-nio-8080-exec-9] o.s.web.servlet.DispatcherServlet        : Completed 302 FOUND
2022-04-29 18:02:25.307 DEBUG 19140 --- [http-nio-8080-exec-1] o.s.web.servlet.DispatcherServlet        : GET "/emplist", parameters={}
2022-04-29 18:02:25.307 DEBUG 19140 --- [http-nio-8080-exec-1] s.w.s.m.m.a.RequestMappingHandlerMapping : Mapped to com.cjq.controller.EmpdataFindAllController#findAll(Model)
2022-04-29 18:02:25.310 DEBUG 19140 --- [http-nio-8080-exec-1] o.s.w.s.v.ContentNegotiatingViewResolver : Selected 'text/html' given [text/html, application/xhtml+xml, image/avif, image/webp, image/apng, application/xml;q=0.9, application/signed-exchange;v=b3;q=0.9, */*;q=0.8]
2022-04-29 18:02:25.316 DEBUG 19140 --- [http-nio-8080-exec-1] o.s.web.servlet.DispatcherServlet        : Completed 200 OK
2022-04-29 18:02:25.322 DEBUG 19140 --- [http-nio-8080-exec-3] o.s.web.servlet.DispatcherServlet        : GET "/image/logo1.jpg", parameters={}
2022-04-29 18:02:25.322 DEBUG 19140 --- [http-nio-8080-exec-3] o.s.w.s.handler.SimpleUrlHandlerMapping  : Mapped to ResourceHttpRequestHandler [classpath [META-INF/resources/], classpath [resources/], classpath [static/], classpath [public/], ServletContext [/]]
2022-04-29 18:02:25.324 DEBUG 19140 --- [http-nio-8080-exec-4] o.s.web.servlet.DispatcherServlet        : GET "/image/background1.jpeg", parameters={}
2022-04-29 18:02:25.324 DEBUG 19140 --- [http-nio-8080-exec-4] o.s.w.s.handler.SimpleUrlHandlerMapping  : Mapped to ResourceHttpRequestHandler [classpath [META-INF/resources/], classpath [resources/], classpath [static/], classpath [public/], ServletContext [/]]
2022-04-29 18:02:25.326 DEBUG 19140 --- [http-nio-8080-exec-3] o.s.web.servlet.DispatcherServlet        : Completed 200 OK
2022-04-29 18:02:25.326 DEBUG 19140 --- [http-nio-8080-exec-4] o.s.web.servlet.DispatcherServlet        : Completed 200 OK
2022-04-29 18:02:32.589 DEBUG 19140 --- [http-nio-8080-exec-2] o.s.web.servlet.DispatcherServlet        : GET "/UpdateEmp?empCd=100030", parameters={masked}
2022-04-29 18:02:32.590 DEBUG 19140 --- [http-nio-8080-exec-2] s.w.s.m.m.a.RequestMappingHandlerMapping : Mapped to com.cjq.controller.UpdateEmpController#UpdataEmp(String, Empdata)
2022-04-29 18:02:32.600 DEBUG 19140 --- [http-nio-8080-exec-2] o.s.w.s.v.ContentNegotiatingViewResolver : Selected 'text/html' given [text/html, application/xhtml+xml, image/avif, image/webp, image/apng, application/xml;q=0.9, application/signed-exchange;v=b3;q=0.9, */*;q=0.8]
2022-04-29 18:02:32.605 DEBUG 19140 --- [http-nio-8080-exec-2] o.s.web.servlet.DispatcherServlet        : Completed 200 OK
2022-04-29 18:02:32.619 DEBUG 19140 --- [http-nio-8080-exec-5] o.s.web.servlet.DispatcherServlet        : GET "/image/background1.jpeg", parameters={}
2022-04-29 18:02:32.619 DEBUG 19140 --- [http-nio-8080-exec-7] o.s.web.servlet.DispatcherServlet        : GET "/image/logo1.jpg", parameters={}
2022-04-29 18:02:32.620 DEBUG 19140 --- [http-nio-8080-exec-7] o.s.w.s.handler.SimpleUrlHandlerMapping  : Mapped to ResourceHttpRequestHandler [classpath [META-INF/resources/], classpath [resources/], classpath [static/], classpath [public/], ServletContext [/]]
2022-04-29 18:02:32.620 DEBUG 19140 --- [http-nio-8080-exec-5] o.s.w.s.handler.SimpleUrlHandlerMapping  : Mapped to ResourceHttpRequestHandler [classpath [META-INF/resources/], classpath [resources/], classpath [static/], classpath [public/], ServletContext [/]]
2022-04-29 18:02:32.621 DEBUG 19140 --- [http-nio-8080-exec-5] o.s.web.servlet.DispatcherServlet        : Completed 200 OK
2022-04-29 18:02:32.621 DEBUG 19140 --- [http-nio-8080-exec-7] o.s.web.servlet.DispatcherServlet        : Completed 200 OK
2022-04-29 18:02:47.045 DEBUG 19140 --- [http-nio-8080-exec-6] o.s.web.servlet.DispatcherServlet        : POST "/UpdateEmp", parameters={masked}
2022-04-29 18:02:47.046 DEBUG 19140 --- [http-nio-8080-exec-6] s.w.s.m.m.a.RequestMappingHandlerMapping : Mapped to com.cjq.controller.UpdateEmpController#changeEmp(EmpForm, BindingResult, String, Model)
2022-04-29 18:02:47.053 DEBUG 19140 --- [http-nio-8080-exec-6] o.s.web.servlet.view.RedirectView        : View name 'redirect:', model {}
2022-04-29 18:02:47.053 DEBUG 19140 --- [http-nio-8080-exec-6] o.s.web.servlet.DispatcherServlet        : Completed 302 FOUND
2022-04-29 18:02:47.058 DEBUG 19140 --- [http-nio-8080-exec-10] o.s.web.servlet.DispatcherServlet        : GET "/emplist", parameters={}
2022-04-29 18:02:47.058 DEBUG 19140 --- [http-nio-8080-exec-10] s.w.s.m.m.a.RequestMappingHandlerMapping : Mapped to com.cjq.controller.EmpdataFindAllController#findAll(Model)
2022-04-29 18:02:47.063 DEBUG 19140 --- [http-nio-8080-exec-10] o.s.w.s.v.ContentNegotiatingViewResolver : Selected 'text/html' given [text/html, application/xhtml+xml, image/avif, image/webp, image/apng, application/xml;q=0.9, application/signed-exchange;v=b3;q=0.9, */*;q=0.8]
2022-04-29 18:02:47.070 DEBUG 19140 --- [http-nio-8080-exec-10] o.s.web.servlet.DispatcherServlet        : Completed 200 OK
2022-04-29 18:02:47.080 DEBUG 19140 --- [http-nio-8080-exec-8] o.s.web.servlet.DispatcherServlet        : GET "/image/logo1.jpg", parameters={}
2022-04-29 18:02:47.081 DEBUG 19140 --- [http-nio-8080-exec-9] o.s.web.servlet.DispatcherServlet        : GET "/image/background1.jpeg", parameters={}
2022-04-29 18:02:47.081 DEBUG 19140 --- [http-nio-8080-exec-8] o.s.w.s.handler.SimpleUrlHandlerMapping  : Mapped to ResourceHttpRequestHandler [classpath [META-INF/resources/], classpath [resources/], classpath [static/], classpath [public/], ServletContext [/]]
2022-04-29 18:02:47.081 DEBUG 19140 --- [http-nio-8080-exec-9] o.s.w.s.handler.SimpleUrlHandlerMapping  : Mapped to ResourceHttpRequestHandler [classpath [META-INF/resources/], classpath [resources/], classpath [static/], classpath [public/], ServletContext [/]]
2022-04-29 18:02:47.083 DEBUG 19140 --- [http-nio-8080-exec-9] o.s.web.servlet.DispatcherServlet        : Completed 200 OK
2022-04-29 18:02:47.083 DEBUG 19140 --- [http-nio-8080-exec-8] o.s.web.servlet.DispatcherServlet        : Completed 200 OK
2022-04-29 18:02:58.366 DEBUG 19140 --- [http-nio-8080-exec-1] o.s.web.servlet.DispatcherServlet        : GET "/findEmp?keyword=%E4%B8%AD%E5%9B%BD", parameters={masked}
2022-04-29 18:02:58.366 DEBUG 19140 --- [http-nio-8080-exec-1] s.w.s.m.m.a.RequestMappingHandlerMapping : Mapped to com.cjq.controller.EmpdataController#findEmp(String, Model)
2022-04-29 18:02:58.370 DEBUG 19140 --- [http-nio-8080-exec-1] o.s.w.s.v.ContentNegotiatingViewResolver : Selected 'text/html' given [text/html, application/xhtml+xml, image/avif, image/webp, image/apng, application/xml;q=0.9, application/signed-exchange;v=b3;q=0.9, */*;q=0.8]
2022-04-29 18:02:58.375 DEBUG 19140 --- [http-nio-8080-exec-1] o.s.web.servlet.DispatcherServlet        : Completed 200 OK
2022-04-29 18:02:58.384 DEBUG 19140 --- [http-nio-8080-exec-4] o.s.web.servlet.DispatcherServlet        : GET "/image/logo1.jpg", parameters={}
2022-04-29 18:02:58.385 DEBUG 19140 --- [http-nio-8080-exec-3] o.s.web.servlet.DispatcherServlet        : GET "/image/background1.jpeg", parameters={}
2022-04-29 18:02:58.385 DEBUG 19140 --- [http-nio-8080-exec-4] o.s.w.s.handler.SimpleUrlHandlerMapping  : Mapped to ResourceHttpRequestHandler [classpath [META-INF/resources/], classpath [resources/], classpath [static/], classpath [public/], ServletContext [/]]
2022-04-29 18:02:58.385 DEBUG 19140 --- [http-nio-8080-exec-3] o.s.w.s.handler.SimpleUrlHandlerMapping  : Mapped to ResourceHttpRequestHandler [classpath [META-INF/resources/], classpath [resources/], classpath [static/], classpath [public/], ServletContext [/]]
2022-04-29 18:02:58.386 DEBUG 19140 --- [http-nio-8080-exec-3] o.s.web.servlet.DispatcherServlet        : Completed 200 OK
2022-04-29 18:02:58.387 DEBUG 19140 --- [http-nio-8080-exec-4] o.s.web.servlet.DispatcherServlet        : Completed 200 OK
2022-04-29 18:03:02.500 DEBUG 19140 --- [http-nio-8080-exec-2] o.s.web.servlet.DispatcherServlet        : GET "/findEmp?keyword=", parameters={masked}
2022-04-29 18:03:02.501 DEBUG 19140 --- [http-nio-8080-exec-2] s.w.s.m.m.a.RequestMappingHandlerMapping : Mapped to com.cjq.controller.EmpdataController#findEmp(String, Model)
2022-04-29 18:03:02.507 DEBUG 19140 --- [http-nio-8080-exec-2] o.s.w.s.v.ContentNegotiatingViewResolver : Selected 'text/html' given [text/html, application/xhtml+xml, image/avif, image/webp, image/apng, application/xml;q=0.9, application/signed-exchange;v=b3;q=0.9, */*;q=0.8]
2022-04-29 18:03:02.515 DEBUG 19140 --- [http-nio-8080-exec-2] o.s.web.servlet.DispatcherServlet        : Completed 200 OK
2022-04-29 18:03:02.525 DEBUG 19140 --- [http-nio-8080-exec-5] o.s.web.servlet.DispatcherServlet        : GET "/image/logo1.jpg", parameters={}
2022-04-29 18:03:02.526 DEBUG 19140 --- [http-nio-8080-exec-7] o.s.web.servlet.DispatcherServlet        : GET "/image/background1.jpeg", parameters={}
2022-04-29 18:03:02.526 DEBUG 19140 --- [http-nio-8080-exec-5] o.s.w.s.handler.SimpleUrlHandlerMapping  : Mapped to ResourceHttpRequestHandler [classpath [META-INF/resources/], classpath [resources/], classpath [static/], classpath [public/], ServletContext [/]]
2022-04-29 18:03:02.526 DEBUG 19140 --- [http-nio-8080-exec-7] o.s.w.s.handler.SimpleUrlHandlerMapping  : Mapped to ResourceHttpRequestHandler [classpath [META-INF/resources/], classpath [resources/], classpath [static/], classpath [public/], ServletContext [/]]
2022-04-29 18:03:02.527 DEBUG 19140 --- [http-nio-8080-exec-7] o.s.web.servlet.DispatcherServlet        : Completed 200 OK
2022-04-29 18:03:02.527 DEBUG 19140 --- [http-nio-8080-exec-5] o.s.web.servlet.DispatcherServlet        : Completed 200 OK
2022-04-29 18:03:41.276 DEBUG 19140 --- [http-nio-8080-exec-6] o.s.web.servlet.DispatcherServlet        : GET "/login", parameters={}
2022-04-29 18:03:41.277 DEBUG 19140 --- [http-nio-8080-exec-6] s.w.s.m.m.a.RequestMappingHandlerMapping : Mapped to com.cjq.controller.LoginUserController#login(UserForm, Model)
2022-04-29 18:03:41.277 DEBUG 19140 --- [http-nio-8080-exec-6] o.s.w.s.v.ContentNegotiatingViewResolver : Selected 'text/html' given [text/html, application/xhtml+xml, image/avif, image/webp, image/apng, application/xml;q=0.9, application/signed-exchange;v=b3;q=0.9, */*;q=0.8]
2022-04-29 18:03:41.280 DEBUG 19140 --- [http-nio-8080-exec-6] o.s.web.servlet.DispatcherServlet        : Completed 200 OK
2022-04-29 18:03:41.295 DEBUG 19140 --- [http-nio-8080-exec-9] o.s.web.servlet.DispatcherServlet        : GET "/image/background1.jpeg", parameters={}
2022-04-29 18:03:41.295 DEBUG 19140 --- [http-nio-8080-exec-10] o.s.web.servlet.DispatcherServlet        : GET "/image/logo1.jpg", parameters={}
2022-04-29 18:03:41.296 DEBUG 19140 --- [http-nio-8080-exec-9] o.s.w.s.handler.SimpleUrlHandlerMapping  : Mapped to ResourceHttpRequestHandler [classpath [META-INF/resources/], classpath [resources/], classpath [static/], classpath [public/], ServletContext [/]]
2022-04-29 18:03:41.296 DEBUG 19140 --- [http-nio-8080-exec-10] o.s.w.s.handler.SimpleUrlHandlerMapping  : Mapped to ResourceHttpRequestHandler [classpath [META-INF/resources/], classpath [resources/], classpath [static/], classpath [public/], ServletContext [/]]
2022-04-29 18:03:41.297 DEBUG 19140 --- [http-nio-8080-exec-9] o.s.web.servlet.DispatcherServlet        : Completed 200 OK
2022-04-29 18:03:41.297 DEBUG 19140 --- [http-nio-8080-exec-10] o.s.web.servlet.DispatcherServlet        : Completed 200 OK
2022-04-29 18:04:09.047 DEBUG 19140 --- [http-nio-8080-exec-8] o.s.web.servlet.DispatcherServlet        : GET "/login", parameters={}
2022-04-29 18:04:09.048 DEBUG 19140 --- [http-nio-8080-exec-8] s.w.s.m.m.a.RequestMappingHandlerMapping : Mapped to com.cjq.controller.LoginUserController#login(UserForm, Model)
2022-04-29 18:04:09.049 DEBUG 19140 --- [http-nio-8080-exec-8] o.s.w.s.v.ContentNegotiatingViewResolver : Selected 'text/html' given [text/html, application/xhtml+xml, image/avif, image/webp, image/apng, application/xml;q=0.9, application/signed-exchange;v=b3;q=0.9, */*;q=0.8]
2022-04-29 18:04:09.052 DEBUG 19140 --- [http-nio-8080-exec-8] o.s.web.servlet.DispatcherServlet        : Completed 200 OK
2022-04-29 18:04:09.066 DEBUG 19140 --- [http-nio-8080-exec-1] o.s.web.servlet.DispatcherServlet        : GET "/image/logo1.jpg", parameters={}
2022-04-29 18:04:09.066 DEBUG 19140 --- [http-nio-8080-exec-3] o.s.web.servlet.DispatcherServlet        : GET "/image/background1.jpeg", parameters={}
2022-04-29 18:04:09.066 DEBUG 19140 --- [http-nio-8080-exec-1] o.s.w.s.handler.SimpleUrlHandlerMapping  : Mapped to ResourceHttpRequestHandler [classpath [META-INF/resources/], classpath [resources/], classpath [static/], classpath [public/], ServletContext [/]]
2022-04-29 18:04:09.066 DEBUG 19140 --- [http-nio-8080-exec-3] o.s.w.s.handler.SimpleUrlHandlerMapping  : Mapped to ResourceHttpRequestHandler [classpath [META-INF/resources/], classpath [resources/], classpath [static/], classpath [public/], ServletContext [/]]
2022-04-29 18:04:09.068 DEBUG 19140 --- [http-nio-8080-exec-3] o.s.web.servlet.DispatcherServlet        : Completed 200 OK
2022-04-29 18:04:09.068 DEBUG 19140 --- [http-nio-8080-exec-1] o.s.web.servlet.DispatcherServlet        : Completed 200 OK
2022-04-29 18:41:22.640 DEBUG 19140 --- [http-nio-8080-exec-7] o.s.web.servlet.DispatcherServlet        : POST "/auth", parameters={masked}
2022-04-29 18:41:22.640 DEBUG 19140 --- [http-nio-8080-exec-7] s.w.s.m.m.a.RequestMappingHandlerMapping : Mapped to com.cjq.controller.LoginUserController#auth(UserForm, BindingResult, Model, Locale)
2022-04-29 18:41:22.650 DEBUG 19140 --- [http-nio-8080-exec-7] o.s.w.s.v.ContentNegotiatingViewResolver : Selected 'text/html' given [text/html, application/xhtml+xml, image/avif, image/webp, image/apng, application/xml;q=0.9, application/signed-exchange;v=b3;q=0.9, */*;q=0.8]
2022-04-29 18:41:22.652 DEBUG 19140 --- [http-nio-8080-exec-7] o.s.web.servlet.DispatcherServlet        : Completed 200 OK
2022-04-29 18:41:22.663 DEBUG 19140 --- [http-nio-8080-exec-5] o.s.web.servlet.DispatcherServlet        : GET "/image/logo1.jpg", parameters={}
2022-04-29 18:41:22.663 DEBUG 19140 --- [http-nio-8080-exec-6] o.s.web.servlet.DispatcherServlet        : GET "/image/background1.jpeg", parameters={}
2022-04-29 18:41:22.663 DEBUG 19140 --- [http-nio-8080-exec-5] o.s.w.s.handler.SimpleUrlHandlerMapping  : Mapped to ResourceHttpRequestHandler [classpath [META-INF/resources/], classpath [resources/], classpath [static/], classpath [public/], ServletContext [/]]
2022-04-29 18:41:22.663 DEBUG 19140 --- [http-nio-8080-exec-6] o.s.w.s.handler.SimpleUrlHandlerMapping  : Mapped to ResourceHttpRequestHandler [classpath [META-INF/resources/], classpath [resources/], classpath [static/], classpath [public/], ServletContext [/]]
2022-04-29 18:41:22.665 DEBUG 19140 --- [http-nio-8080-exec-6] o.s.web.servlet.DispatcherServlet        : Completed 200 OK
2022-04-29 18:41:22.666 DEBUG 19140 --- [http-nio-8080-exec-5] o.s.web.servlet.DispatcherServlet        : Completed 200 OK
2022-04-29 18:41:39.870 DEBUG 19140 --- [http-nio-8080-exec-9] o.s.web.servlet.DispatcherServlet        : POST "/auth", parameters={masked}
2022-04-29 18:41:39.870 DEBUG 19140 --- [http-nio-8080-exec-9] s.w.s.m.m.a.RequestMappingHandlerMapping : Mapped to com.cjq.controller.LoginUserController#auth(UserForm, BindingResult, Model, Locale)
2022-04-29 18:41:39.876 DEBUG 19140 --- [http-nio-8080-exec-9] o.s.w.s.v.ContentNegotiatingViewResolver : Selected 'text/html' given [text/html, application/xhtml+xml, image/avif, image/webp, image/apng, application/xml;q=0.9, application/signed-exchange;v=b3;q=0.9, */*;q=0.8]
2022-04-29 18:41:39.879 DEBUG 19140 --- [http-nio-8080-exec-9] o.s.web.servlet.DispatcherServlet        : Completed 200 OK
2022-04-29 18:41:39.891 DEBUG 19140 --- [http-nio-8080-exec-8] o.s.web.servlet.DispatcherServlet        : GET "/image/background1.jpeg", parameters={}
2022-04-29 18:41:39.892 DEBUG 19140 --- [http-nio-8080-exec-10] o.s.web.servlet.DispatcherServlet        : GET "/image/logo1.jpg", parameters={}
2022-04-29 18:41:39.892 DEBUG 19140 --- [http-nio-8080-exec-8] o.s.w.s.handler.SimpleUrlHandlerMapping  : Mapped to ResourceHttpRequestHandler [classpath [META-INF/resources/], classpath [resources/], classpath [static/], classpath [public/], ServletContext [/]]
2022-04-29 18:41:39.892 DEBUG 19140 --- [http-nio-8080-exec-10] o.s.w.s.handler.SimpleUrlHandlerMapping  : Mapped to ResourceHttpRequestHandler [classpath [META-INF/resources/], classpath [resources/], classpath [static/], classpath [public/], ServletContext [/]]
2022-04-29 18:41:39.893 DEBUG 19140 --- [http-nio-8080-exec-8] o.s.web.servlet.DispatcherServlet        : Completed 200 OK
2022-04-29 18:41:39.893 DEBUG 19140 --- [http-nio-8080-exec-10] o.s.web.servlet.DispatcherServlet        : Completed 200 OK
2022-04-29 18:42:55.384 DEBUG 19140 --- [http-nio-8080-exec-4] o.s.web.servlet.DispatcherServlet        : POST "/auth", parameters={masked}
2022-04-29 18:42:55.384 DEBUG 19140 --- [http-nio-8080-exec-4] s.w.s.m.m.a.RequestMappingHandlerMapping : Mapped to com.cjq.controller.LoginUserController#auth(UserForm, BindingResult, Model, Locale)
2022-04-29 18:42:55.390 DEBUG 19140 --- [http-nio-8080-exec-4] o.s.web.servlet.view.RedirectView        : View name 'redirect:', model {}
2022-04-29 18:42:55.390 DEBUG 19140 --- [http-nio-8080-exec-4] o.s.web.servlet.DispatcherServlet        : Completed 302 FOUND
2022-04-29 18:42:55.395 DEBUG 19140 --- [http-nio-8080-exec-2] o.s.web.servlet.DispatcherServlet        : GET "/emplist", parameters={}
2022-04-29 18:42:55.395 DEBUG 19140 --- [http-nio-8080-exec-2] s.w.s.m.m.a.RequestMappingHandlerMapping : Mapped to com.cjq.controller.EmpdataFindAllController#findAll(Model)
2022-04-29 18:42:55.398 DEBUG 19140 --- [http-nio-8080-exec-2] o.s.w.s.v.ContentNegotiatingViewResolver : Selected 'text/html' given [text/html, application/xhtml+xml, image/avif, image/webp, image/apng, application/xml;q=0.9, application/signed-exchange;v=b3;q=0.9, */*;q=0.8]
2022-04-29 18:42:55.401 DEBUG 19140 --- [http-nio-8080-exec-2] o.s.web.servlet.DispatcherServlet        : Completed 200 OK
2022-04-29 18:42:55.409 DEBUG 19140 --- [http-nio-8080-exec-7] o.s.web.servlet.DispatcherServlet        : GET "/image/logo1.jpg", parameters={}
2022-04-29 18:42:55.410 DEBUG 19140 --- [http-nio-8080-exec-7] o.s.w.s.handler.SimpleUrlHandlerMapping  : Mapped to ResourceHttpRequestHandler [classpath [META-INF/resources/], classpath [resources/], classpath [static/], classpath [public/], ServletContext [/]]
2022-04-29 18:42:55.410 DEBUG 19140 --- [http-nio-8080-exec-5] o.s.web.servlet.DispatcherServlet        : GET "/image/background1.jpeg", parameters={}
2022-04-29 18:42:55.410 DEBUG 19140 --- [http-nio-8080-exec-5] o.s.w.s.handler.SimpleUrlHandlerMapping  : Mapped to ResourceHttpRequestHandler [classpath [META-INF/resources/], classpath [resources/], classpath [static/], classpath [public/], ServletContext [/]]
2022-04-29 18:42:55.411 DEBUG 19140 --- [http-nio-8080-exec-7] o.s.web.servlet.DispatcherServlet        : Completed 200 OK
2022-04-29 18:42:55.411 DEBUG 19140 --- [http-nio-8080-exec-5] o.s.web.servlet.DispatcherServlet        : Completed 200 OK
2022-04-29 18:42:59.942 DEBUG 19140 --- [http-nio-8080-exec-6] o.s.web.servlet.DispatcherServlet        : GET "/AddEmp", parameters={}
2022-04-29 18:42:59.942 DEBUG 19140 --- [http-nio-8080-exec-6] s.w.s.m.m.a.RequestMappingHandlerMapping : Mapped to com.cjq.controller.EmpdataInsertController#toAddEmp(Empdata, Model)
2022-04-29 18:42:59.946 DEBUG 19140 --- [http-nio-8080-exec-6] o.s.w.s.v.ContentNegotiatingViewResolver : Selected 'text/html' given [text/html, application/xhtml+xml, image/avif, image/webp, image/apng, application/xml;q=0.9, application/signed-exchange;v=b3;q=0.9, */*;q=0.8]
2022-04-29 18:42:59.951 DEBUG 19140 --- [http-nio-8080-exec-6] o.s.web.servlet.DispatcherServlet        : Completed 200 OK
2022-04-29 18:42:59.961 DEBUG 19140 --- [http-nio-8080-exec-8] o.s.web.servlet.DispatcherServlet        : GET "/image/background1.jpeg", parameters={}
2022-04-29 18:42:59.961 DEBUG 19140 --- [http-nio-8080-exec-9] o.s.web.servlet.DispatcherServlet        : GET "/image/logo1.jpg", parameters={}
2022-04-29 18:42:59.962 DEBUG 19140 --- [http-nio-8080-exec-9] o.s.w.s.handler.SimpleUrlHandlerMapping  : Mapped to ResourceHttpRequestHandler [classpath [META-INF/resources/], classpath [resources/], classpath [static/], classpath [public/], ServletContext [/]]
2022-04-29 18:42:59.962 DEBUG 19140 --- [http-nio-8080-exec-8] o.s.w.s.handler.SimpleUrlHandlerMapping  : Mapped to ResourceHttpRequestHandler [classpath [META-INF/resources/], classpath [resources/], classpath [static/], classpath [public/], ServletContext [/]]
2022-04-29 18:42:59.964 DEBUG 19140 --- [http-nio-8080-exec-8] o.s.web.servlet.DispatcherServlet        : Completed 200 OK
2022-04-29 18:42:59.964 DEBUG 19140 --- [http-nio-8080-exec-9] o.s.web.servlet.DispatcherServlet        : Completed 200 OK
2022-04-29 18:44:08.519 DEBUG 19140 --- [http-nio-8080-exec-3] o.s.web.servlet.DispatcherServlet        : POST "/AddEmp", parameters={masked}
2022-04-29 18:44:08.519 DEBUG 19140 --- [http-nio-8080-exec-3] s.w.s.m.m.a.RequestMappingHandlerMapping : Mapped to com.cjq.controller.EmpdataInsertController#addEmp(EmpForm, BindingResult, Model, Locale)
2022-04-29 18:44:08.522 DEBUG 19140 --- [http-nio-8080-exec-3] o.s.w.s.v.ContentNegotiatingViewResolver : Selected 'text/html' given [text/html, application/xhtml+xml, image/avif, image/webp, image/apng, application/xml;q=0.9, application/signed-exchange;v=b3;q=0.9, */*;q=0.8]
2022-04-29 18:44:08.529 DEBUG 19140 --- [http-nio-8080-exec-3] o.s.web.servlet.DispatcherServlet        : Completed 200 OK
2022-04-29 18:44:08.540 DEBUG 19140 --- [http-nio-8080-exec-2] o.s.web.servlet.DispatcherServlet        : GET "/image/background1.jpeg", parameters={}
2022-04-29 18:44:08.540 DEBUG 19140 --- [http-nio-8080-exec-4] o.s.web.servlet.DispatcherServlet        : GET "/image/logo1.jpg", parameters={}
2022-04-29 18:44:08.541 DEBUG 19140 --- [http-nio-8080-exec-4] o.s.w.s.handler.SimpleUrlHandlerMapping  : Mapped to ResourceHttpRequestHandler [classpath [META-INF/resources/], classpath [resources/], classpath [static/], classpath [public/], ServletContext [/]]
2022-04-29 18:44:08.541 DEBUG 19140 --- [http-nio-8080-exec-2] o.s.w.s.handler.SimpleUrlHandlerMapping  : Mapped to ResourceHttpRequestHandler [classpath [META-INF/resources/], classpath [resources/], classpath [static/], classpath [public/], ServletContext [/]]
2022-04-29 18:44:08.543 DEBUG 19140 --- [http-nio-8080-exec-2] o.s.web.servlet.DispatcherServlet        : Completed 200 OK
2022-04-29 18:44:08.543 DEBUG 19140 --- [http-nio-8080-exec-4] o.s.web.servlet.DispatcherServlet        : Completed 200 OK
2022-04-29 18:44:31.258 DEBUG 19140 --- [http-nio-8080-exec-7] o.s.web.servlet.DispatcherServlet        : GET "/emplist", parameters={}
2022-04-29 18:44:31.259 DEBUG 19140 --- [http-nio-8080-exec-7] s.w.s.m.m.a.RequestMappingHandlerMapping : Mapped to com.cjq.controller.EmpdataFindAllController#findAll(Model)
2022-04-29 18:44:31.263 DEBUG 19140 --- [http-nio-8080-exec-7] o.s.w.s.v.ContentNegotiatingViewResolver : Selected 'text/html' given [text/html, application/xhtml+xml, image/avif, image/webp, image/apng, application/xml;q=0.9, application/signed-exchange;v=b3;q=0.9, */*;q=0.8]
2022-04-29 18:44:31.267 DEBUG 19140 --- [http-nio-8080-exec-7] o.s.web.servlet.DispatcherServlet        : Completed 200 OK
2022-04-29 18:44:31.280 DEBUG 19140 --- [http-nio-8080-exec-6] o.s.web.servlet.DispatcherServlet        : GET "/image/background1.jpeg", parameters={}
2022-04-29 18:44:31.280 DEBUG 19140 --- [http-nio-8080-exec-5] o.s.web.servlet.DispatcherServlet        : GET "/image/logo1.jpg", parameters={}
2022-04-29 18:44:31.282 DEBUG 19140 --- [http-nio-8080-exec-5] o.s.w.s.handler.SimpleUrlHandlerMapping  : Mapped to ResourceHttpRequestHandler [classpath [META-INF/resources/], classpath [resources/], classpath [static/], classpath [public/], ServletContext [/]]
2022-04-29 18:44:31.282 DEBUG 19140 --- [http-nio-8080-exec-6] o.s.w.s.handler.SimpleUrlHandlerMapping  : Mapped to ResourceHttpRequestHandler [classpath [META-INF/resources/], classpath [resources/], classpath [static/], classpath [public/], ServletContext [/]]
2022-04-29 18:44:31.285 DEBUG 19140 --- [http-nio-8080-exec-6] o.s.web.servlet.DispatcherServlet        : Completed 200 OK
2022-04-29 18:44:31.285 DEBUG 19140 --- [http-nio-8080-exec-5] o.s.web.servlet.DispatcherServlet        : Completed 200 OK
2022-04-29 18:44:38.677 DEBUG 19140 --- [http-nio-8080-exec-9] o.s.web.servlet.DispatcherServlet        : GET "/UpdateEmp?empCd=100011", parameters={masked}
2022-04-29 18:44:38.677 DEBUG 19140 --- [http-nio-8080-exec-9] s.w.s.m.m.a.RequestMappingHandlerMapping : Mapped to com.cjq.controller.UpdateEmpController#UpdataEmp(String, Empdata)
2022-04-29 18:44:38.686 DEBUG 19140 --- [http-nio-8080-exec-9] o.s.w.s.v.ContentNegotiatingViewResolver : Selected 'text/html' given [text/html, application/xhtml+xml, image/avif, image/webp, image/apng, application/xml;q=0.9, application/signed-exchange;v=b3;q=0.9, */*;q=0.8]
2022-04-29 18:44:38.691 DEBUG 19140 --- [http-nio-8080-exec-9] o.s.web.servlet.DispatcherServlet        : Completed 200 OK
2022-04-29 18:44:38.701 DEBUG 19140 --- [http-nio-8080-exec-10] o.s.web.servlet.DispatcherServlet        : GET "/image/background1.jpeg", parameters={}
2022-04-29 18:44:38.702 DEBUG 19140 --- [http-nio-8080-exec-10] o.s.w.s.handler.SimpleUrlHandlerMapping  : Mapped to ResourceHttpRequestHandler [classpath [META-INF/resources/], classpath [resources/], classpath [static/], classpath [public/], ServletContext [/]]
2022-04-29 18:44:38.702 DEBUG 19140 --- [http-nio-8080-exec-8] o.s.web.servlet.DispatcherServlet        : GET "/image/logo1.jpg", parameters={}
2022-04-29 18:44:38.702 DEBUG 19140 --- [http-nio-8080-exec-8] o.s.w.s.handler.SimpleUrlHandlerMapping  : Mapped to ResourceHttpRequestHandler [classpath [META-INF/resources/], classpath [resources/], classpath [static/], classpath [public/], ServletContext [/]]
2022-04-29 18:44:38.703 DEBUG 19140 --- [http-nio-8080-exec-10] o.s.web.servlet.DispatcherServlet        : Completed 200 OK
2022-04-29 18:44:38.703 DEBUG 19140 --- [http-nio-8080-exec-8] o.s.web.servlet.DispatcherServlet        : Completed 200 OK
2022-04-29 18:44:45.188 DEBUG 19140 --- [http-nio-8080-exec-1] o.s.web.servlet.DispatcherServlet        : POST "/UpdateEmp", parameters={masked}
2022-04-29 18:44:45.188 DEBUG 19140 --- [http-nio-8080-exec-1] s.w.s.m.m.a.RequestMappingHandlerMapping : Mapped to com.cjq.controller.UpdateEmpController#changeEmp(EmpForm, BindingResult, String, Model)
2022-04-29 18:44:45.191 DEBUG 19140 --- [http-nio-8080-exec-1] o.s.w.s.v.ContentNegotiatingViewResolver : Selected 'text/html' given [text/html, application/xhtml+xml, image/avif, image/webp, image/apng, application/xml;q=0.9, application/signed-exchange;v=b3;q=0.9, */*;q=0.8]
2022-04-29 18:44:45.195 DEBUG 19140 --- [http-nio-8080-exec-1] o.s.web.servlet.DispatcherServlet        : Completed 200 OK
2022-04-29 18:44:45.207 DEBUG 19140 --- [http-nio-8080-exec-3] o.s.web.servlet.DispatcherServlet        : GET "/image/logo1.jpg", parameters={}
2022-04-29 18:44:45.207 DEBUG 19140 --- [http-nio-8080-exec-4] o.s.web.servlet.DispatcherServlet        : GET "/image/background1.jpeg", parameters={}
2022-04-29 18:44:45.207 DEBUG 19140 --- [http-nio-8080-exec-3] o.s.w.s.handler.SimpleUrlHandlerMapping  : Mapped to ResourceHttpRequestHandler [classpath [META-INF/resources/], classpath [resources/], classpath [static/], classpath [public/], ServletContext [/]]
2022-04-29 18:44:45.207 DEBUG 19140 --- [http-nio-8080-exec-4] o.s.w.s.handler.SimpleUrlHandlerMapping  : Mapped to ResourceHttpRequestHandler [classpath [META-INF/resources/], classpath [resources/], classpath [static/], classpath [public/], ServletContext [/]]
2022-04-29 18:44:45.209 DEBUG 19140 --- [http-nio-8080-exec-4] o.s.web.servlet.DispatcherServlet        : Completed 200 OK
2022-04-29 18:44:45.209 DEBUG 19140 --- [http-nio-8080-exec-3] o.s.web.servlet.DispatcherServlet        : Completed 200 OK
2022-04-29 18:45:19.969 DEBUG 19140 --- [http-nio-8080-exec-2] o.s.web.servlet.DispatcherServlet        : GET "/login", parameters={}
2022-04-29 18:45:19.969 DEBUG 19140 --- [http-nio-8080-exec-2] s.w.s.m.m.a.RequestMappingHandlerMapping : Mapped to com.cjq.controller.LoginUserController#login(UserForm, Model)
2022-04-29 18:45:19.969 DEBUG 19140 --- [http-nio-8080-exec-2] o.s.w.s.v.ContentNegotiatingViewResolver : Selected 'text/html' given [text/html, application/xhtml+xml, image/avif, image/webp, image/apng, application/xml;q=0.9, application/signed-exchange;v=b3;q=0.9, */*;q=0.8]
2022-04-29 18:45:19.978 DEBUG 19140 --- [http-nio-8080-exec-2] o.s.web.servlet.DispatcherServlet        : Completed 200 OK
2022-04-29 18:45:19.990 DEBUG 19140 --- [http-nio-8080-exec-7] o.s.web.servlet.DispatcherServlet        : GET "/image/logo1.jpg", parameters={}
2022-04-29 18:45:19.991 DEBUG 19140 --- [http-nio-8080-exec-7] o.s.w.s.handler.SimpleUrlHandlerMapping  : Mapped to ResourceHttpRequestHandler [classpath [META-INF/resources/], classpath [resources/], classpath [static/], classpath [public/], ServletContext [/]]
2022-04-29 18:45:19.992 DEBUG 19140 --- [http-nio-8080-exec-7] o.s.web.servlet.DispatcherServlet        : Completed 200 OK
2022-04-29 18:45:22.046 DEBUG 19140 --- [http-nio-8080-exec-6] o.s.web.servlet.DispatcherServlet        : GET "/image/logo1.jpg", parameters={}
2022-04-29 18:45:22.046 DEBUG 19140 --- [http-nio-8080-exec-5] o.s.web.servlet.DispatcherServlet        : GET "/image/background1.jpeg", parameters={}
2022-04-29 18:45:22.047 DEBUG 19140 --- [http-nio-8080-exec-5] o.s.w.s.handler.SimpleUrlHandlerMapping  : Mapped to ResourceHttpRequestHandler [classpath [META-INF/resources/], classpath [resources/], classpath [static/], classpath [public/], ServletContext [/]]
2022-04-29 18:45:22.047 DEBUG 19140 --- [http-nio-8080-exec-6] o.s.w.s.handler.SimpleUrlHandlerMapping  : Mapped to ResourceHttpRequestHandler [classpath [META-INF/resources/], classpath [resources/], classpath [static/], classpath [public/], ServletContext [/]]
2022-04-29 18:45:22.050 DEBUG 19140 --- [http-nio-8080-exec-5] o.s.web.servlet.DispatcherServlet        : Completed 200 OK
2022-04-29 18:45:22.050 DEBUG 19140 --- [http-nio-8080-exec-6] o.s.web.servlet.DispatcherServlet        : Completed 200 OK
2022-04-29 19:37:04.306 DEBUG 19140 --- [http-nio-8080-exec-10] o.s.web.servlet.DispatcherServlet        : POST "/auth", parameters={masked}
2022-04-29 19:37:04.307 DEBUG 19140 --- [http-nio-8080-exec-10] s.w.s.m.m.a.RequestMappingHandlerMapping : Mapped to com.cjq.controller.LoginUserController#auth(UserForm, BindingResult, Model, Locale)
2022-04-29 19:37:04.314 DEBUG 19140 --- [http-nio-8080-exec-10] o.s.w.s.v.ContentNegotiatingViewResolver : Selected 'text/html' given [text/html, application/xhtml+xml, image/avif, image/webp, image/apng, application/xml;q=0.9, application/signed-exchange;v=b3;q=0.9, */*;q=0.8]
2022-04-29 19:37:04.319 DEBUG 19140 --- [http-nio-8080-exec-10] o.s.web.servlet.DispatcherServlet        : Completed 200 OK
2022-04-29 19:37:04.337 DEBUG 19140 --- [http-nio-8080-exec-3] o.s.web.servlet.DispatcherServlet        : GET "/image/background1.jpeg", parameters={}
2022-04-29 19:37:04.337 DEBUG 19140 --- [http-nio-8080-exec-1] o.s.web.servlet.DispatcherServlet        : GET "/image/logo1.jpg", parameters={}
2022-04-29 19:37:04.338 DEBUG 19140 --- [http-nio-8080-exec-1] o.s.w.s.handler.SimpleUrlHandlerMapping  : Mapped to ResourceHttpRequestHandler [classpath [META-INF/resources/], classpath [resources/], classpath [static/], classpath [public/], ServletContext [/]]
2022-04-29 19:37:04.338 DEBUG 19140 --- [http-nio-8080-exec-3] o.s.w.s.handler.SimpleUrlHandlerMapping  : Mapped to ResourceHttpRequestHandler [classpath [META-INF/resources/], classpath [resources/], classpath [static/], classpath [public/], ServletContext [/]]
2022-04-29 19:37:04.340 DEBUG 19140 --- [http-nio-8080-exec-3] o.s.web.servlet.DispatcherServlet        : Completed 200 OK
2022-04-29 19:37:04.340 DEBUG 19140 --- [http-nio-8080-exec-1] o.s.web.servlet.DispatcherServlet        : Completed 200 OK
2022-04-29 20:34:11.091 DEBUG 19140 --- [http-nio-8080-exec-7] o.s.web.servlet.DispatcherServlet        : GET "/login", parameters={}
2022-04-29 20:34:11.092 DEBUG 19140 --- [http-nio-8080-exec-7] s.w.s.m.m.a.RequestMappingHandlerMapping : Mapped to com.cjq.controller.LoginUserController#login(UserForm, Model)
2022-04-29 20:34:11.097 DEBUG 19140 --- [http-nio-8080-exec-7] o.s.w.s.v.ContentNegotiatingViewResolver : Selected 'text/html' given [text/html, application/xhtml+xml, image/avif, image/webp, image/apng, application/xml;q=0.9, application/signed-exchange;v=b3;q=0.9, */*;q=0.8]
2022-04-29 20:34:11.103 DEBUG 19140 --- [http-nio-8080-exec-7] o.s.web.servlet.DispatcherServlet        : Completed 200 OK
2022-04-29 20:34:11.124 DEBUG 19140 --- [http-nio-8080-exec-5] o.s.web.servlet.DispatcherServlet        : GET "/image/logo1.jpg", parameters={}
2022-04-29 20:34:11.124 DEBUG 19140 --- [http-nio-8080-exec-6] o.s.web.servlet.DispatcherServlet        : GET "/image/background1.jpeg", parameters={}
2022-04-29 20:34:11.125 DEBUG 19140 --- [http-nio-8080-exec-5] o.s.w.s.handler.SimpleUrlHandlerMapping  : Mapped to ResourceHttpRequestHandler [classpath [META-INF/resources/], classpath [resources/], classpath [static/], classpath [public/], ServletContext [/]]
2022-04-29 20:34:11.125 DEBUG 19140 --- [http-nio-8080-exec-6] o.s.w.s.handler.SimpleUrlHandlerMapping  : Mapped to ResourceHttpRequestHandler [classpath [META-INF/resources/], classpath [resources/], classpath [static/], classpath [public/], ServletContext [/]]
2022-04-29 20:34:11.132 DEBUG 19140 --- [http-nio-8080-exec-6] o.s.web.servlet.DispatcherServlet        : Completed 200 OK
2022-04-29 20:34:11.132 DEBUG 19140 --- [http-nio-8080-exec-5] o.s.web.servlet.DispatcherServlet        : Completed 200 OK
2022-04-29 20:34:25.560 DEBUG 19140 --- [http-nio-8080-exec-9] o.s.web.servlet.DispatcherServlet        : POST "/auth", parameters={masked}
2022-04-29 20:34:25.560 DEBUG 19140 --- [http-nio-8080-exec-9] s.w.s.m.m.a.RequestMappingHandlerMapping : Mapped to com.cjq.controller.LoginUserController#auth(UserForm, BindingResult, Model, Locale)
2022-04-29 20:34:25.567 DEBUG 19140 --- [http-nio-8080-exec-9] o.s.web.servlet.view.RedirectView        : View name 'redirect:', model {}
2022-04-29 20:34:25.568 DEBUG 19140 --- [http-nio-8080-exec-9] o.s.web.servlet.DispatcherServlet        : Completed 302 FOUND
2022-04-29 20:34:25.574 DEBUG 19140 --- [http-nio-8080-exec-8] o.s.web.servlet.DispatcherServlet        : GET "/emplist", parameters={}
2022-04-29 20:34:25.574 DEBUG 19140 --- [http-nio-8080-exec-8] s.w.s.m.m.a.RequestMappingHandlerMapping : Mapped to com.cjq.controller.EmpdataFindAllController#findAll(Model)
2022-04-29 20:34:25.579 DEBUG 19140 --- [http-nio-8080-exec-8] o.s.w.s.v.ContentNegotiatingViewResolver : Selected 'text/html' given [text/html, application/xhtml+xml, image/avif, image/webp, image/apng, application/xml;q=0.9, application/signed-exchange;v=b3;q=0.9, */*;q=0.8]
2022-04-29 20:34:25.584 DEBUG 19140 --- [http-nio-8080-exec-8] o.s.web.servlet.DispatcherServlet        : Completed 200 OK
2022-04-29 20:34:25.603 DEBUG 19140 --- [http-nio-8080-exec-3] o.s.web.servlet.DispatcherServlet        : GET "/image/background1.jpeg", parameters={}
2022-04-29 20:34:25.604 DEBUG 19140 --- [http-nio-8080-exec-10] o.s.web.servlet.DispatcherServlet        : GET "/image/logo1.jpg", parameters={}
2022-04-29 20:34:25.604 DEBUG 19140 --- [http-nio-8080-exec-10] o.s.w.s.handler.SimpleUrlHandlerMapping  : Mapped to ResourceHttpRequestHandler [classpath [META-INF/resources/], classpath [resources/], classpath [static/], classpath [public/], ServletContext [/]]
2022-04-29 20:34:25.604 DEBUG 19140 --- [http-nio-8080-exec-3] o.s.w.s.handler.SimpleUrlHandlerMapping  : Mapped to ResourceHttpRequestHandler [classpath [META-INF/resources/], classpath [resources/], classpath [static/], classpath [public/], ServletContext [/]]
2022-04-29 20:34:25.607 DEBUG 19140 --- [http-nio-8080-exec-3] o.s.web.servlet.DispatcherServlet        : Completed 200 OK
2022-04-29 20:34:25.608 DEBUG 19140 --- [http-nio-8080-exec-10] o.s.web.servlet.DispatcherServlet        : Completed 200 OK
2022-04-29 20:34:34.691 DEBUG 19140 --- [http-nio-8080-exec-1] o.s.web.servlet.DispatcherServlet        : GET "/AddEmp", parameters={}
2022-04-29 20:34:34.691 DEBUG 19140 --- [http-nio-8080-exec-1] s.w.s.m.m.a.RequestMappingHandlerMapping : Mapped to com.cjq.controller.EmpdataInsertController#toAddEmp(Empdata, Model)
2022-04-29 20:34:34.695 DEBUG 19140 --- [http-nio-8080-exec-1] o.s.w.s.v.ContentNegotiatingViewResolver : Selected 'text/html' given [text/html, application/xhtml+xml, image/avif, image/webp, image/apng, application/xml;q=0.9, application/signed-exchange;v=b3;q=0.9, */*;q=0.8]
2022-04-29 20:34:34.703 DEBUG 19140 --- [http-nio-8080-exec-1] o.s.web.servlet.DispatcherServlet        : Completed 200 OK
2022-04-29 20:34:34.724 DEBUG 19140 --- [http-nio-8080-exec-4] o.s.web.servlet.DispatcherServlet        : GET "/image/logo1.jpg", parameters={}
2022-04-29 20:34:34.724 DEBUG 19140 --- [http-nio-8080-exec-2] o.s.web.servlet.DispatcherServlet        : GET "/image/background1.jpeg", parameters={}
2022-04-29 20:34:34.725 DEBUG 19140 --- [http-nio-8080-exec-2] o.s.w.s.handler.SimpleUrlHandlerMapping  : Mapped to ResourceHttpRequestHandler [classpath [META-INF/resources/], classpath [resources/], classpath [static/], classpath [public/], ServletContext [/]]
2022-04-29 20:34:34.725 DEBUG 19140 --- [http-nio-8080-exec-4] o.s.w.s.handler.SimpleUrlHandlerMapping  : Mapped to ResourceHttpRequestHandler [classpath [META-INF/resources/], classpath [resources/], classpath [static/], classpath [public/], ServletContext [/]]
2022-04-29 20:34:34.730 DEBUG 19140 --- [http-nio-8080-exec-2] o.s.web.servlet.DispatcherServlet        : Completed 200 OK
2022-04-29 20:34:34.730 DEBUG 19140 --- [http-nio-8080-exec-4] o.s.web.servlet.DispatcherServlet        : Completed 200 OK
2022-04-29 20:34:52.920 DEBUG 19140 --- [http-nio-8080-exec-7] o.s.web.servlet.DispatcherServlet        : POST "/AddEmp", parameters={masked}
2022-04-29 20:34:52.921 DEBUG 19140 --- [http-nio-8080-exec-7] s.w.s.m.m.a.RequestMappingHandlerMapping : Mapped to com.cjq.controller.EmpdataInsertController#addEmp(EmpForm, BindingResult, Model, Locale)
2022-04-29 20:34:52.923 DEBUG 19140 --- [http-nio-8080-exec-7] o.s.w.s.v.ContentNegotiatingViewResolver : Selected 'text/html' given [text/html, application/xhtml+xml, image/avif, image/webp, image/apng, application/xml;q=0.9, application/signed-exchange;v=b3;q=0.9, */*;q=0.8]
2022-04-29 20:34:52.927 DEBUG 19140 --- [http-nio-8080-exec-7] o.s.web.servlet.DispatcherServlet        : Completed 200 OK
2022-04-29 20:34:52.949 DEBUG 19140 --- [http-nio-8080-exec-6] o.s.web.servlet.DispatcherServlet        : GET "/image/logo1.jpg", parameters={}
2022-04-29 20:34:52.949 DEBUG 19140 --- [http-nio-8080-exec-5] o.s.web.servlet.DispatcherServlet        : GET "/image/background1.jpeg", parameters={}
2022-04-29 20:34:52.950 DEBUG 19140 --- [http-nio-8080-exec-5] o.s.w.s.handler.SimpleUrlHandlerMapping  : Mapped to ResourceHttpRequestHandler [classpath [META-INF/resources/], classpath [resources/], classpath [static/], classpath [public/], ServletContext [/]]
2022-04-29 20:34:52.950 DEBUG 19140 --- [http-nio-8080-exec-6] o.s.w.s.handler.SimpleUrlHandlerMapping  : Mapped to ResourceHttpRequestHandler [classpath [META-INF/resources/], classpath [resources/], classpath [static/], classpath [public/], ServletContext [/]]
2022-04-29 20:34:52.952 DEBUG 19140 --- [http-nio-8080-exec-5] o.s.web.servlet.DispatcherServlet        : Completed 200 OK
2022-04-29 20:34:52.952 DEBUG 19140 --- [http-nio-8080-exec-6] o.s.web.servlet.DispatcherServlet        : Completed 200 OK
2022-04-29 20:35:01.315 DEBUG 19140 --- [http-nio-8080-exec-9] o.s.web.servlet.DispatcherServlet        : POST "/AddEmp", parameters={masked}
2022-04-29 20:35:01.316 DEBUG 19140 --- [http-nio-8080-exec-9] s.w.s.m.m.a.RequestMappingHandlerMapping : Mapped to com.cjq.controller.EmpdataInsertController#addEmp(EmpForm, BindingResult, Model, Locale)
2022-04-29 20:35:01.319 DEBUG 19140 --- [http-nio-8080-exec-9] o.s.w.s.v.ContentNegotiatingViewResolver : Selected 'text/html' given [text/html, application/xhtml+xml, image/avif, image/webp, image/apng, application/xml;q=0.9, application/signed-exchange;v=b3;q=0.9, */*;q=0.8]
2022-04-29 20:35:01.327 DEBUG 19140 --- [http-nio-8080-exec-9] o.s.web.servlet.DispatcherServlet        : Completed 200 OK
2022-04-29 20:35:01.341 DEBUG 19140 --- [http-nio-8080-exec-3] o.s.web.servlet.DispatcherServlet        : GET "/image/background1.jpeg", parameters={}
2022-04-29 20:35:01.341 DEBUG 19140 --- [http-nio-8080-exec-8] o.s.web.servlet.DispatcherServlet        : GET "/image/logo1.jpg", parameters={}
2022-04-29 20:35:01.341 DEBUG 19140 --- [http-nio-8080-exec-8] o.s.w.s.handler.SimpleUrlHandlerMapping  : Mapped to ResourceHttpRequestHandler [classpath [META-INF/resources/], classpath [resources/], classpath [static/], classpath [public/], ServletContext [/]]
2022-04-29 20:35:01.341 DEBUG 19140 --- [http-nio-8080-exec-3] o.s.w.s.handler.SimpleUrlHandlerMapping  : Mapped to ResourceHttpRequestHandler [classpath [META-INF/resources/], classpath [resources/], classpath [static/], classpath [public/], ServletContext [/]]
2022-04-29 20:35:01.343 DEBUG 19140 --- [http-nio-8080-exec-8] o.s.web.servlet.DispatcherServlet        : Completed 200 OK
2022-04-29 20:35:01.343 DEBUG 19140 --- [http-nio-8080-exec-3] o.s.web.servlet.DispatcherServlet        : Completed 200 OK
2022-04-29 20:35:10.280 DEBUG 19140 --- [http-nio-8080-exec-10] o.s.web.servlet.DispatcherServlet        : POST "/AddEmp", parameters={masked}
2022-04-29 20:35:10.280 DEBUG 19140 --- [http-nio-8080-exec-10] s.w.s.m.m.a.RequestMappingHandlerMapping : Mapped to com.cjq.controller.EmpdataInsertController#addEmp(EmpForm, BindingResult, Model, Locale)
2022-04-29 20:35:10.284 DEBUG 19140 --- [http-nio-8080-exec-10] o.s.web.servlet.view.RedirectView        : View name 'redirect:', model {}
2022-04-29 20:35:10.285 DEBUG 19140 --- [http-nio-8080-exec-10] o.s.web.servlet.DispatcherServlet        : Completed 302 FOUND
2022-04-29 20:35:10.291 DEBUG 19140 --- [http-nio-8080-exec-1] o.s.web.servlet.DispatcherServlet        : GET "/emplist", parameters={}
2022-04-29 20:35:10.291 DEBUG 19140 --- [http-nio-8080-exec-1] s.w.s.m.m.a.RequestMappingHandlerMapping : Mapped to com.cjq.controller.EmpdataFindAllController#findAll(Model)
2022-04-29 20:35:10.294 DEBUG 19140 --- [http-nio-8080-exec-1] o.s.w.s.v.ContentNegotiatingViewResolver : Selected 'text/html' given [text/html, application/xhtml+xml, image/avif, image/webp, image/apng, application/xml;q=0.9, application/signed-exchange;v=b3;q=0.9, */*;q=0.8]
2022-04-29 20:35:10.296 DEBUG 19140 --- [http-nio-8080-exec-1] o.s.web.servlet.DispatcherServlet        : Completed 200 OK
2022-04-29 20:35:10.304 DEBUG 19140 --- [http-nio-8080-exec-2] o.s.web.servlet.DispatcherServlet        : GET "/image/logo1.jpg", parameters={}
2022-04-29 20:35:10.304 DEBUG 19140 --- [http-nio-8080-exec-2] o.s.w.s.handler.SimpleUrlHandlerMapping  : Mapped to ResourceHttpRequestHandler [classpath [META-INF/resources/], classpath [resources/], classpath [static/], classpath [public/], ServletContext [/]]
2022-04-29 20:35:10.304 DEBUG 19140 --- [http-nio-8080-exec-4] o.s.web.servlet.DispatcherServlet        : GET "/image/background1.jpeg", parameters={}
2022-04-29 20:35:10.305 DEBUG 19140 --- [http-nio-8080-exec-4] o.s.w.s.handler.SimpleUrlHandlerMapping  : Mapped to ResourceHttpRequestHandler [classpath [META-INF/resources/], classpath [resources/], classpath [static/], classpath [public/], ServletContext [/]]
2022-04-29 20:35:10.306 DEBUG 19140 --- [http-nio-8080-exec-2] o.s.web.servlet.DispatcherServlet        : Completed 200 OK
2022-04-29 20:35:10.306 DEBUG 19140 --- [http-nio-8080-exec-4] o.s.web.servlet.DispatcherServlet        : Completed 200 OK
2022-04-29 20:35:28.193 DEBUG 19140 --- [http-nio-8080-exec-7] o.s.web.servlet.DispatcherServlet        : GET "/findEmp?keyword=%E4%B8%AD%E5%9B%BD", parameters={masked}
2022-04-29 20:35:28.194 DEBUG 19140 --- [http-nio-8080-exec-7] s.w.s.m.m.a.RequestMappingHandlerMapping : Mapped to com.cjq.controller.EmpdataController#findEmp(String, Model)
2022-04-29 20:35:28.197 DEBUG 19140 --- [http-nio-8080-exec-7] o.s.w.s.v.ContentNegotiatingViewResolver : Selected 'text/html' given [text/html, application/xhtml+xml, image/avif, image/webp, image/apng, application/xml;q=0.9, application/signed-exchange;v=b3;q=0.9, */*;q=0.8]
2022-04-29 20:35:28.199 DEBUG 19140 --- [http-nio-8080-exec-7] o.s.web.servlet.DispatcherServlet        : Completed 200 OK
2022-04-29 20:35:28.223 DEBUG 19140 --- [http-nio-8080-exec-6] o.s.web.servlet.DispatcherServlet        : GET "/image/logo1.jpg", parameters={}
2022-04-29 20:35:28.223 DEBUG 19140 --- [http-nio-8080-exec-5] o.s.web.servlet.DispatcherServlet        : GET "/image/background1.jpeg", parameters={}
2022-04-29 20:35:28.223 DEBUG 19140 --- [http-nio-8080-exec-6] o.s.w.s.handler.SimpleUrlHandlerMapping  : Mapped to ResourceHttpRequestHandler [classpath [META-INF/resources/], classpath [resources/], classpath [static/], classpath [public/], ServletContext [/]]
2022-04-29 20:35:28.223 DEBUG 19140 --- [http-nio-8080-exec-5] o.s.w.s.handler.SimpleUrlHandlerMapping  : Mapped to ResourceHttpRequestHandler [classpath [META-INF/resources/], classpath [resources/], classpath [static/], classpath [public/], ServletContext [/]]
2022-04-29 20:35:28.225 DEBUG 19140 --- [http-nio-8080-exec-5] o.s.web.servlet.DispatcherServlet        : Completed 200 OK
2022-04-29 20:35:28.225 DEBUG 19140 --- [http-nio-8080-exec-6] o.s.web.servlet.DispatcherServlet        : Completed 200 OK
2022-04-29 20:35:39.683 DEBUG 19140 --- [http-nio-8080-exec-9] o.s.web.servlet.DispatcherServlet        : GET "/UpdateEmp?empCd=100012", parameters={masked}
2022-04-29 20:35:39.683 DEBUG 19140 --- [http-nio-8080-exec-9] s.w.s.m.m.a.RequestMappingHandlerMapping : Mapped to com.cjq.controller.UpdateEmpController#UpdataEmp(String, Empdata)
2022-04-29 20:35:39.695 DEBUG 19140 --- [http-nio-8080-exec-9] o.s.w.s.v.ContentNegotiatingViewResolver : Selected 'text/html' given [text/html, application/xhtml+xml, image/avif, image/webp, image/apng, application/xml;q=0.9, application/signed-exchange;v=b3;q=0.9, */*;q=0.8]
2022-04-29 20:35:39.703 DEBUG 19140 --- [http-nio-8080-exec-9] o.s.web.servlet.DispatcherServlet        : Completed 200 OK
2022-04-29 20:35:39.735 DEBUG 19140 --- [http-nio-8080-exec-8] o.s.web.servlet.DispatcherServlet        : GET "/image/background1.jpeg", parameters={}
2022-04-29 20:35:39.735 DEBUG 19140 --- [http-nio-8080-exec-8] o.s.w.s.handler.SimpleUrlHandlerMapping  : Mapped to ResourceHttpRequestHandler [classpath [META-INF/resources/], classpath [resources/], classpath [static/], classpath [public/], ServletContext [/]]
2022-04-29 20:35:39.735 DEBUG 19140 --- [http-nio-8080-exec-3] o.s.web.servlet.DispatcherServlet        : GET "/image/logo1.jpg", parameters={}
2022-04-29 20:35:39.735 DEBUG 19140 --- [http-nio-8080-exec-3] o.s.w.s.handler.SimpleUrlHandlerMapping  : Mapped to ResourceHttpRequestHandler [classpath [META-INF/resources/], classpath [resources/], classpath [static/], classpath [public/], ServletContext [/]]
2022-04-29 20:35:39.737 DEBUG 19140 --- [http-nio-8080-exec-8] o.s.web.servlet.DispatcherServlet        : Completed 200 OK
2022-04-29 20:35:39.737 DEBUG 19140 --- [http-nio-8080-exec-3] o.s.web.servlet.DispatcherServlet        : Completed 200 OK
2022-04-29 20:35:51.313 DEBUG 19140 --- [http-nio-8080-exec-10] o.s.web.servlet.DispatcherServlet        : POST "/UpdateEmp", parameters={masked}
2022-04-29 20:35:51.314 DEBUG 19140 --- [http-nio-8080-exec-10] s.w.s.m.m.a.RequestMappingHandlerMapping : Mapped to com.cjq.controller.UpdateEmpController#changeEmp(EmpForm, BindingResult, String, Model)
2022-04-29 20:35:51.319 DEBUG 19140 --- [http-nio-8080-exec-10] o.s.web.servlet.view.RedirectView        : View name 'redirect:', model {}
2022-04-29 20:35:51.319 DEBUG 19140 --- [http-nio-8080-exec-10] o.s.web.servlet.DispatcherServlet        : Completed 302 FOUND
2022-04-29 20:35:51.326 DEBUG 19140 --- [http-nio-8080-exec-1] o.s.web.servlet.DispatcherServlet        : GET "/emplist", parameters={}
2022-04-29 20:35:51.326 DEBUG 19140 --- [http-nio-8080-exec-1] s.w.s.m.m.a.RequestMappingHandlerMapping : Mapped to com.cjq.controller.EmpdataFindAllController#findAll(Model)
2022-04-29 20:35:51.329 DEBUG 19140 --- [http-nio-8080-exec-1] o.s.w.s.v.ContentNegotiatingViewResolver : Selected 'text/html' given [text/html, application/xhtml+xml, image/avif, image/webp, image/apng, application/xml;q=0.9, application/signed-exchange;v=b3;q=0.9, */*;q=0.8]
2022-04-29 20:35:51.333 DEBUG 19140 --- [http-nio-8080-exec-1] o.s.web.servlet.DispatcherServlet        : Completed 200 OK
2022-04-29 20:35:51.348 DEBUG 19140 --- [http-nio-8080-exec-4] o.s.web.servlet.DispatcherServlet        : GET "/image/background1.jpeg", parameters={}
2022-04-29 20:35:51.348 DEBUG 19140 --- [http-nio-8080-exec-2] o.s.web.servlet.DispatcherServlet        : GET "/image/logo1.jpg", parameters={}
2022-04-29 20:35:51.348 DEBUG 19140 --- [http-nio-8080-exec-4] o.s.w.s.handler.SimpleUrlHandlerMapping  : Mapped to ResourceHttpRequestHandler [classpath [META-INF/resources/], classpath [resources/], classpath [static/], classpath [public/], ServletContext [/]]
2022-04-29 20:35:51.348 DEBUG 19140 --- [http-nio-8080-exec-2] o.s.w.s.handler.SimpleUrlHandlerMapping  : Mapped to ResourceHttpRequestHandler [classpath [META-INF/resources/], classpath [resources/], classpath [static/], classpath [public/], ServletContext [/]]
2022-04-29 20:35:51.350 DEBUG 19140 --- [http-nio-8080-exec-4] o.s.web.servlet.DispatcherServlet        : Completed 200 OK
2022-04-29 20:35:51.350 DEBUG 19140 --- [http-nio-8080-exec-2] o.s.web.servlet.DispatcherServlet        : Completed 200 OK
2022-04-29 20:36:10.467 DEBUG 19140 --- [http-nio-8080-exec-7] o.s.web.servlet.DispatcherServlet        : POST "/deleteEmp", parameters={masked}
2022-04-29 20:36:10.467 DEBUG 19140 --- [http-nio-8080-exec-7] s.w.s.m.m.a.RequestMappingHandlerMapping : Mapped to com.cjq.controller.EmpdataController#deleteEmp(String)
2022-04-29 20:36:10.471 DEBUG 19140 --- [http-nio-8080-exec-7] o.s.web.servlet.view.RedirectView        : View name 'redirect:', model {}
2022-04-29 20:36:10.471 DEBUG 19140 --- [http-nio-8080-exec-7] o.s.web.servlet.DispatcherServlet        : Completed 302 FOUND
2022-04-29 20:36:10.475 DEBUG 19140 --- [http-nio-8080-exec-5] o.s.web.servlet.DispatcherServlet        : GET "/emplist", parameters={}
2022-04-29 20:36:10.476 DEBUG 19140 --- [http-nio-8080-exec-5] s.w.s.m.m.a.RequestMappingHandlerMapping : Mapped to com.cjq.controller.EmpdataFindAllController#findAll(Model)
2022-04-29 20:36:10.485 DEBUG 19140 --- [http-nio-8080-exec-5] o.s.w.s.v.ContentNegotiatingViewResolver : Selected 'text/html' given [text/html, application/xhtml+xml, image/avif, image/webp, image/apng, application/xml;q=0.9, application/signed-exchange;v=b3;q=0.9, */*;q=0.8]
2022-04-29 20:36:10.490 DEBUG 19140 --- [http-nio-8080-exec-5] o.s.web.servlet.DispatcherServlet        : Completed 200 OK
2022-04-29 20:36:10.532 DEBUG 19140 --- [http-nio-8080-exec-9] o.s.web.servlet.DispatcherServlet        : GET "/image/background1.jpeg", parameters={}
2022-04-29 20:36:10.532 DEBUG 19140 --- [http-nio-8080-exec-6] o.s.web.servlet.DispatcherServlet        : GET "/image/logo1.jpg", parameters={}
2022-04-29 20:36:10.533 DEBUG 19140 --- [http-nio-8080-exec-9] o.s.w.s.handler.SimpleUrlHandlerMapping  : Mapped to ResourceHttpRequestHandler [classpath [META-INF/resources/], classpath [resources/], classpath [static/], classpath [public/], ServletContext [/]]
2022-04-29 20:36:10.533 DEBUG 19140 --- [http-nio-8080-exec-6] o.s.w.s.handler.SimpleUrlHandlerMapping  : Mapped to ResourceHttpRequestHandler [classpath [META-INF/resources/], classpath [resources/], classpath [static/], classpath [public/], ServletContext [/]]
2022-04-29 20:36:10.536 DEBUG 19140 --- [http-nio-8080-exec-9] o.s.web.servlet.DispatcherServlet        : Completed 200 OK
2022-04-29 20:36:10.537 DEBUG 19140 --- [http-nio-8080-exec-6] o.s.web.servlet.DispatcherServlet        : Completed 200 OK
2022-04-29 20:36:19.552 DEBUG 19140 --- [http-nio-8080-exec-3] o.s.web.servlet.DispatcherServlet        : GET "/getEmp?&empCd=100016", parameters={masked}
2022-04-29 20:36:19.552 DEBUG 19140 --- [http-nio-8080-exec-3] s.w.s.m.m.a.RequestMappingHandlerMapping : Mapped to com.cjq.controller.EmpdataController#showDetails(String, Model)
2022-04-29 20:36:19.556 DEBUG 19140 --- [http-nio-8080-exec-3] o.s.w.s.v.ContentNegotiatingViewResolver : Selected 'text/html' given [text/html, application/xhtml+xml, image/avif, image/webp, image/apng, application/xml;q=0.9, application/signed-exchange;v=b3;q=0.9, */*;q=0.8]
2022-04-29 20:36:19.559 DEBUG 19140 --- [http-nio-8080-exec-3] o.s.web.servlet.DispatcherServlet        : Completed 200 OK
2022-04-29 20:36:19.591 DEBUG 19140 --- [http-nio-8080-exec-8] o.s.web.servlet.DispatcherServlet        : GET "/image/logo1.jpg", parameters={}
2022-04-29 20:36:19.591 DEBUG 19140 --- [http-nio-8080-exec-10] o.s.web.servlet.DispatcherServlet        : GET "/image/background1.jpeg", parameters={}
2022-04-29 20:36:19.591 DEBUG 19140 --- [http-nio-8080-exec-8] o.s.w.s.handler.SimpleUrlHandlerMapping  : Mapped to ResourceHttpRequestHandler [classpath [META-INF/resources/], classpath [resources/], classpath [static/], classpath [public/], ServletContext [/]]
2022-04-29 20:36:19.591 DEBUG 19140 --- [http-nio-8080-exec-10] o.s.w.s.handler.SimpleUrlHandlerMapping  : Mapped to ResourceHttpRequestHandler [classpath [META-INF/resources/], classpath [resources/], classpath [static/], classpath [public/], ServletContext [/]]
2022-04-29 20:36:19.595 DEBUG 19140 --- [http-nio-8080-exec-8] o.s.web.servlet.DispatcherServlet        : Completed 200 OK
2022-04-29 20:36:19.595 DEBUG 19140 --- [http-nio-8080-exec-10] o.s.web.servlet.DispatcherServlet        : Completed 200 OK
2022-04-29 20:36:31.200 DEBUG 19140 --- [http-nio-8080-exec-1] o.s.web.servlet.DispatcherServlet        : GET "/emplist", parameters={}
2022-04-29 20:36:31.204 DEBUG 19140 --- [http-nio-8080-exec-1] s.w.s.m.m.a.RequestMappingHandlerMapping : Mapped to com.cjq.controller.EmpdataFindAllController#findAll(Model)
2022-04-29 20:36:31.214 DEBUG 19140 --- [http-nio-8080-exec-1] o.s.w.s.v.ContentNegotiatingViewResolver : Selected 'text/html' given [text/html, application/xhtml+xml, image/avif, image/webp, image/apng, application/xml;q=0.9, application/signed-exchange;v=b3;q=0.9, */*;q=0.8]
2022-04-29 20:36:31.220 DEBUG 19140 --- [http-nio-8080-exec-1] o.s.web.servlet.DispatcherServlet        : Completed 200 OK
2022-04-29 20:36:31.244 DEBUG 19140 --- [http-nio-8080-exec-4] o.s.web.servlet.DispatcherServlet        : GET "/image/logo1.jpg", parameters={}
2022-04-29 20:36:31.245 DEBUG 19140 --- [http-nio-8080-exec-4] o.s.w.s.handler.SimpleUrlHandlerMapping  : Mapped to ResourceHttpRequestHandler [classpath [META-INF/resources/], classpath [resources/], classpath [static/], classpath [public/], ServletContext [/]]
2022-04-29 20:36:31.247 DEBUG 19140 --- [http-nio-8080-exec-2] o.s.web.servlet.DispatcherServlet        : GET "/image/background1.jpeg", parameters={}
2022-04-29 20:36:31.247 DEBUG 19140 --- [http-nio-8080-exec-2] o.s.w.s.handler.SimpleUrlHandlerMapping  : Mapped to ResourceHttpRequestHandler [classpath [META-INF/resources/], classpath [resources/], classpath [static/], classpath [public/], ServletContext [/]]
2022-04-29 20:36:31.248 DEBUG 19140 --- [http-nio-8080-exec-4] o.s.web.servlet.DispatcherServlet        : Completed 200 OK
2022-04-29 20:36:31.248 DEBUG 19140 --- [http-nio-8080-exec-2] o.s.web.servlet.DispatcherServlet        : Completed 200 OK
2022-04-29 20:36:41.361 DEBUG 19140 --- [http-nio-8080-exec-7] o.s.web.servlet.DispatcherServlet        : GET "/login", parameters={}
2022-04-29 20:36:41.361 DEBUG 19140 --- [http-nio-8080-exec-7] s.w.s.m.m.a.RequestMappingHandlerMapping : Mapped to com.cjq.controller.LoginUserController#login(UserForm, Model)
2022-04-29 20:36:41.362 DEBUG 19140 --- [http-nio-8080-exec-7] o.s.w.s.v.ContentNegotiatingViewResolver : Selected 'text/html' given [text/html, application/xhtml+xml, image/avif, image/webp, image/apng, application/xml;q=0.9, application/signed-exchange;v=b3;q=0.9, */*;q=0.8]
2022-04-29 20:36:41.364 DEBUG 19140 --- [http-nio-8080-exec-7] o.s.web.servlet.DispatcherServlet        : Completed 200 OK
2022-04-29 20:36:41.383 DEBUG 19140 --- [http-nio-8080-exec-9] o.s.web.servlet.DispatcherServlet        : GET "/image/background1.jpeg", parameters={}
2022-04-29 20:36:41.383 DEBUG 19140 --- [http-nio-8080-exec-5] o.s.web.servlet.DispatcherServlet        : GET "/image/logo1.jpg", parameters={}
2022-04-29 20:36:41.384 DEBUG 19140 --- [http-nio-8080-exec-9] o.s.w.s.handler.SimpleUrlHandlerMapping  : Mapped to ResourceHttpRequestHandler [classpath [META-INF/resources/], classpath [resources/], classpath [static/], classpath [public/], ServletContext [/]]
2022-04-29 20:36:41.384 DEBUG 19140 --- [http-nio-8080-exec-5] o.s.w.s.handler.SimpleUrlHandlerMapping  : Mapped to ResourceHttpRequestHandler [classpath [META-INF/resources/], classpath [resources/], classpath [static/], classpath [public/], ServletContext [/]]
2022-04-29 20:36:41.385 DEBUG 19140 --- [http-nio-8080-exec-9] o.s.web.servlet.DispatcherServlet        : Completed 200 OK
2022-04-29 20:36:41.385 DEBUG 19140 --- [http-nio-8080-exec-5] o.s.web.servlet.DispatcherServlet        : Completed 200 OK
2022-04-29 21:04:57.287  INFO 19140 --- [RMI TCP Connection(2)-127.0.0.1] inMXBeanRegistrar$SpringApplicationAdmin : Application shutdown requested.
2022-04-29 21:04:57.586  INFO 19140 --- [RMI TCP Connection(2)-127.0.0.1] com.zaxxer.hikari.HikariDataSource       : HikariPool-1 - Shutdown initiated...
2022-04-29 21:04:57.591  INFO 19140 --- [RMI TCP Connection(2)-127.0.0.1] com.zaxxer.hikari.HikariDataSource       : HikariPool-1 - Shutdown completed.
